{"/home/travis/build/npmtest/node-npmtest-wechat-api/test.js":{"path":"/home/travis/build/npmtest/node-npmtest-wechat-api/test.js","s":{"1":2,"2":2,"3":2,"4":2,"5":2,"6":2,"7":2,"8":1,"9":2,"10":2,"11":1,"12":1,"13":1,"14":1,"15":2,"16":2,"17":2,"18":2,"19":1,"20":1,"21":2,"22":2,"23":2,"24":1,"25":1,"26":1,"27":1,"28":1,"29":1,"30":1,"31":1,"32":1,"33":1,"34":1,"35":1,"36":1,"37":1,"38":1,"39":2,"40":2,"41":1,"42":2,"43":2,"44":1,"45":2,"46":2,"47":1,"48":2,"49":2,"50":1,"51":1,"52":1,"53":1,"54":1},"b":{"1":[2,1,1,1],"2":[1,1,1,1],"3":[1,1],"4":[1,1],"5":[1,1],"6":[1,1],"7":[1,1],"8":[1,1],"9":[1,1],"10":[1,1,1],"11":[1,1],"12":[1,1],"13":[1,1],"14":[1,1],"15":[1,1],"16":[1,1],"17":[1,1]},"f":{"1":2,"2":2,"3":2,"4":2,"5":2,"6":1,"7":1,"8":1,"9":2,"10":2,"11":2,"12":2,"13":1},"fnMap":{"1":{"name":"(anonymous_1)","line":12,"loc":{"start":{"line":12,"column":1},"end":{"line":12,"column":13}}},"2":{"name":"(anonymous_2)","line":19,"loc":{"start":{"line":19,"column":5},"end":{"line":19,"column":17}}},"3":{"name":"(anonymous_3)","line":23,"loc":{"start":{"line":23,"column":24},"end":{"line":23,"column":36}}},"4":{"name":"(anonymous_4)","line":61,"loc":{"start":{"line":61,"column":5},"end":{"line":61,"column":17}}},"5":{"name":"(anonymous_5)","line":82,"loc":{"start":{"line":82,"column":5},"end":{"line":82,"column":17}}},"6":{"name":"(anonymous_6)","line":91,"loc":{"start":{"line":91,"column":77},"end":{"line":94,"column":10}}},"7":{"name":"(anonymous_7)","line":112,"loc":{"start":{"line":112,"column":83},"end":{"line":115,"column":10}},"skip":true},"8":{"name":"(anonymous_8)","line":123,"loc":{"start":{"line":123,"column":77},"end":{"line":126,"column":10}},"skip":true},"9":{"name":"(anonymous_9)","line":139,"loc":{"start":{"line":139,"column":12},"end":{"line":139,"column":40}},"skip":true},"10":{"name":"(anonymous_10)","line":147,"loc":{"start":{"line":147,"column":77},"end":{"line":150,"column":10}},"skip":true},"11":{"name":"(anonymous_11)","line":158,"loc":{"start":{"line":158,"column":83},"end":{"line":161,"column":10}},"skip":true},"12":{"name":"(anonymous_12)","line":169,"loc":{"start":{"line":169,"column":79},"end":{"line":172,"column":10}},"skip":true},"13":{"name":"(anonymous_13)","line":180,"loc":{"start":{"line":180,"column":75},"end":{"line":183,"column":10}},"skip":true}},"statementMap":{"1":{"start":{"line":12,"column":0},"end":{"line":195,"column":5}},"2":{"start":{"line":14,"column":4},"end":{"line":14,"column":14}},"3":{"start":{"line":19,"column":4},"end":{"line":56,"column":9}},"4":{"start":{"line":21,"column":8},"end":{"line":21,"column":19}},"5":{"start":{"line":23,"column":8},"end":{"line":35,"column":13}},"6":{"start":{"line":24,"column":12},"end":{"line":34,"column":13}},"7":{"start":{"line":25,"column":16},"end":{"line":28,"column":30}},"8":{"start":{"line":30,"column":16},"end":{"line":33,"column":27}},"9":{"start":{"line":37,"column":8},"end":{"line":39,"column":21}},"10":{"start":{"line":40,"column":8},"end":{"line":53,"column":9}},"11":{"start":{"line":43,"column":12},"end":{"line":46,"column":14}},"12":{"start":{"line":47,"column":12},"end":{"line":47,"column":18}},"13":{"start":{"line":50,"column":12},"end":{"line":51,"column":46}},"14":{"start":{"line":52,"column":12},"end":{"line":52,"column":18}},"15":{"start":{"line":55,"column":8},"end":{"line":55,"column":35}},"16":{"start":{"line":61,"column":4},"end":{"line":63,"column":9}},"17":{"start":{"line":62,"column":8},"end":{"line":62,"column":15}},"18":{"start":{"line":64,"column":4},"end":{"line":77,"column":5}},"19":{"start":{"line":70,"column":8},"end":{"line":70,"column":14}},"20":{"start":{"line":76,"column":8},"end":{"line":76,"column":14}},"21":{"start":{"line":82,"column":4},"end":{"line":84,"column":9}},"22":{"start":{"line":83,"column":8},"end":{"line":83,"column":15}},"23":{"start":{"line":85,"column":4},"end":{"line":194,"column":5}},"24":{"start":{"line":91,"column":8},"end":{"line":99,"column":10}},"25":{"start":{"line":98,"column":12},"end":{"line":98,"column":35}},"26":{"start":{"line":102,"column":8},"end":{"line":104,"column":63}},"27":{"start":{"line":105,"column":8},"end":{"line":105,"column":14}},"28":{"start":{"line":112,"column":8},"end":{"line":121,"column":10},"skip":true},"29":{"start":{"line":119,"column":12},"end":{"line":119,"column":55},"skip":true},"30":{"start":{"line":120,"column":12},"end":{"line":120,"column":48},"skip":true},"31":{"start":{"line":123,"column":8},"end":{"line":136,"column":10},"skip":true},"32":{"start":{"line":130,"column":12},"end":{"line":130,"column":76},"skip":true},"33":{"start":{"line":131,"column":12},"end":{"line":131,"column":73},"skip":true},"34":{"start":{"line":132,"column":12},"end":{"line":132,"column":74},"skip":true},"35":{"start":{"line":133,"column":12},"end":{"line":133,"column":79},"skip":true},"36":{"start":{"line":134,"column":12},"end":{"line":134,"column":25},"skip":true},"37":{"start":{"line":135,"column":12},"end":{"line":135,"column":45},"skip":true},"38":{"start":{"line":138,"column":8},"end":{"line":145,"column":14},"skip":true},"39":{"start":{"line":143,"column":16},"end":{"line":143,"column":29},"skip":true},"40":{"start":{"line":144,"column":16},"end":{"line":144,"column":55},"skip":true},"41":{"start":{"line":147,"column":8},"end":{"line":156,"column":10},"skip":true},"42":{"start":{"line":154,"column":12},"end":{"line":154,"column":25},"skip":true},"43":{"start":{"line":155,"column":12},"end":{"line":155,"column":45},"skip":true},"44":{"start":{"line":158,"column":8},"end":{"line":167,"column":10},"skip":true},"45":{"start":{"line":165,"column":12},"end":{"line":165,"column":25},"skip":true},"46":{"start":{"line":166,"column":12},"end":{"line":166,"column":48},"skip":true},"47":{"start":{"line":169,"column":8},"end":{"line":178,"column":10},"skip":true},"48":{"start":{"line":176,"column":12},"end":{"line":176,"column":25},"skip":true},"49":{"start":{"line":177,"column":12},"end":{"line":177,"column":46},"skip":true},"50":{"start":{"line":180,"column":8},"end":{"line":189,"column":10},"skip":true},"51":{"start":{"line":187,"column":12},"end":{"line":187,"column":94},"skip":true},"52":{"start":{"line":188,"column":12},"end":{"line":188,"column":48},"skip":true},"53":{"start":{"line":192,"column":8},"end":{"line":192,"column":35},"skip":true},"54":{"start":{"line":193,"column":8},"end":{"line":193,"column":14},"skip":true}},"branchMap":{"1":{"line":25,"type":"binary-expr","locations":[{"start":{"line":25,"column":23},"end":{"line":25,"column":62}},{"start":{"line":26,"column":20},"end":{"line":26,"column":70}},{"start":{"line":27,"column":20},"end":{"line":27,"column":71}},{"start":{"line":28,"column":20},"end":{"line":28,"column":29}}]},"2":{"line":30,"type":"binary-expr","locations":[{"start":{"line":30,"column":23},"end":{"line":30,"column":37}},{"start":{"line":31,"column":20},"end":{"line":31,"column":61}},{"start":{"line":32,"column":20},"end":{"line":32,"column":70}},{"start":{"line":33,"column":20},"end":{"line":33,"column":26}}]},"3":{"line":37,"type":"cond-expr","locations":[{"start":{"line":38,"column":14},"end":{"line":38,"column":20}},{"start":{"line":39,"column":14},"end":{"line":39,"column":20}}]},"4":{"line":40,"type":"switch","locations":[{"start":{"line":42,"column":8},"end":{"line":47,"column":18}},{"start":{"line":49,"column":8},"end":{"line":52,"column":18}}]},"5":{"line":44,"type":"binary-expr","locations":[{"start":{"line":44,"column":16},"end":{"line":44,"column":44}},{"start":{"line":44,"column":48},"end":{"line":44,"column":66}}]},"6":{"line":50,"type":"binary-expr","locations":[{"start":{"line":50,"column":21},"end":{"line":50,"column":49}},{"start":{"line":50,"column":53},"end":{"line":50,"column":72}}]},"7":{"line":64,"type":"switch","locations":[{"start":{"line":69,"column":4},"end":{"line":70,"column":14}},{"start":{"line":75,"column":4},"end":{"line":76,"column":14}}]},"8":{"line":85,"type":"switch","locations":[{"start":{"line":90,"column":4},"end":{"line":105,"column":14}},{"start":{"line":111,"column":4},"end":{"line":193,"column":14},"skip":true}]},"9":{"line":91,"type":"binary-expr","locations":[{"start":{"line":91,"column":42},"end":{"line":91,"column":73}},{"start":{"line":91,"column":77},"end":{"line":99,"column":9}}]},"10":{"line":102,"type":"binary-expr","locations":[{"start":{"line":102,"column":18},"end":{"line":102,"column":32}},{"start":{"line":103,"column":12},"end":{"line":103,"column":53}},{"start":{"line":104,"column":12},"end":{"line":104,"column":61}}]},"11":{"line":112,"type":"binary-expr","locations":[{"start":{"line":112,"column":45},"end":{"line":112,"column":79},"skip":true},{"start":{"line":112,"column":83},"end":{"line":121,"column":9},"skip":true}]},"12":{"line":123,"type":"binary-expr","locations":[{"start":{"line":123,"column":42},"end":{"line":123,"column":73},"skip":true},{"start":{"line":123,"column":77},"end":{"line":136,"column":9},"skip":true}]},"13":{"line":138,"type":"binary-expr","locations":[{"start":{"line":138,"column":48},"end":{"line":138,"column":85},"skip":true},{"start":{"line":139,"column":12},"end":{"line":145,"column":13},"skip":true}]},"14":{"line":147,"type":"binary-expr","locations":[{"start":{"line":147,"column":42},"end":{"line":147,"column":73},"skip":true},{"start":{"line":147,"column":77},"end":{"line":156,"column":9},"skip":true}]},"15":{"line":158,"type":"binary-expr","locations":[{"start":{"line":158,"column":45},"end":{"line":158,"column":79},"skip":true},{"start":{"line":158,"column":83},"end":{"line":167,"column":9},"skip":true}]},"16":{"line":169,"type":"binary-expr","locations":[{"start":{"line":169,"column":43},"end":{"line":169,"column":75},"skip":true},{"start":{"line":169,"column":79},"end":{"line":178,"column":9},"skip":true}]},"17":{"line":180,"type":"binary-expr","locations":[{"start":{"line":180,"column":41},"end":{"line":180,"column":71},"skip":true},{"start":{"line":180,"column":75},"end":{"line":189,"column":9},"skip":true}]}},"code":["/* istanbul instrument in package npmtest_wechat_api */","/*jslint","    bitwise: true,","    browser: true,","    maxerr: 8,","    maxlen: 96,","    node: true,","    nomen: true,","    regexp: true,","    stupid: true","*/","(function () {","    'use strict';","    var local;","","","","    // run shared js-env code - pre-init","    (function () {","        // init local","        local = {};","        // init modeJs","        local.modeJs = (function () {","            try {","                return typeof navigator.userAgent === 'string' &&","                    typeof document.querySelector('body') === 'object' &&","                    typeof XMLHttpRequest.prototype.open === 'function' &&","                    'browser';","            } catch (errorCaughtBrowser) {","                return module.exports &&","                    typeof process.versions.node === 'string' &&","                    typeof require('http').createServer === 'function' &&","                    'node';","            }","        }());","        // init global","        local.global = local.modeJs === 'browser'","            ? window","            : global;","        switch (local.modeJs) {","        // re-init local from window.local","        case 'browser':","            local = local.global.utility2.objectSetDefault(","                local.global.utility2_rollup || local.global.local,","                local.global.utility2","            );","            break;","        // re-init local from example.js","        case 'node':","            local = (local.global.utility2_rollup || require('utility2'))","                .requireExampleJsFromReadme();","            break;","        }","        // export local","        local.global.local = local;","    }());","","","","    // run shared js-env code - function","    (function () {","        return;","    }());","    switch (local.modeJs) {","","","","    // run browser js-env code - function","    case 'browser':","        break;","","","","    // run node js-env code - function","    case 'node':","        break;","    }","","","","    // run shared js-env code - post-init","    (function () {","        return;","    }());","    switch (local.modeJs) {","","","","    // run browser js-env code - post-init","    case 'browser':","        local.testCase_browser_nullCase = local.testCase_browser_nullCase || function (","            options,","            onError","        ) {","        /*","         * this function will test browsers's null-case handling-behavior-behavior","         */","            onError(null, options);","        };","","        // run tests","        local.nop(local.modeTest &&","            document.querySelector('#testRunButton1') &&","            document.querySelector('#testRunButton1').click());","        break;","","","","    // run node js-env code - post-init","    /* istanbul ignore next */","    case 'node':","        local.testCase_buildApidoc_default = local.testCase_buildApidoc_default || function (","            options,","            onError","        ) {","        /*","         * this function will test buildApidoc's default handling-behavior-behavior","         */","            options = { modulePathList: module.paths };","            local.buildApidoc(options, onError);","        };","","        local.testCase_buildApp_default = local.testCase_buildApp_default || function (","            options,","            onError","        ) {","        /*","         * this function will test buildApp's default handling-behavior-behavior","         */","            local.testCase_buildReadme_default(options, local.onErrorThrow);","            local.testCase_buildLib_default(options, local.onErrorThrow);","            local.testCase_buildTest_default(options, local.onErrorThrow);","            local.testCase_buildCustomOrg_default(options, local.onErrorThrow);","            options = [];","            local.buildApp(options, onError);","        };","","        local.testCase_buildCustomOrg_default = local.testCase_buildCustomOrg_default ||","            function (options, onError) {","            /*","             * this function will test buildCustomOrg's default handling-behavior","             */","                options = {};","                local.buildCustomOrg(options, onError);","            };","","        local.testCase_buildLib_default = local.testCase_buildLib_default || function (","            options,","            onError","        ) {","        /*","         * this function will test buildLib's default handling-behavior","         */","            options = {};","            local.buildLib(options, onError);","        };","","        local.testCase_buildReadme_default = local.testCase_buildReadme_default || function (","            options,","            onError","        ) {","        /*","         * this function will test buildReadme's default handling-behavior-behavior","         */","            options = {};","            local.buildReadme(options, onError);","        };","","        local.testCase_buildTest_default = local.testCase_buildTest_default || function (","            options,","            onError","        ) {","        /*","         * this function will test buildTest's default handling-behavior","         */","            options = {};","            local.buildTest(options, onError);","        };","","        local.testCase_webpage_default = local.testCase_webpage_default || function (","            options,","            onError","        ) {","        /*","         * this function will test webpage's default handling-behavior","         */","            options = { modeCoverageMerge: true, url: local.serverLocalHost + '?modeTest=1' };","            local.browserTest(options, onError);","        };","","        // run test-server","        local.testRunServer(local);","        break;","    }","}());",""],"l":{"12":2,"14":2,"19":2,"21":2,"23":2,"24":2,"25":2,"30":1,"37":2,"40":2,"43":1,"47":1,"50":1,"52":1,"55":2,"61":2,"62":2,"64":2,"70":1,"76":1,"82":2,"83":2,"85":2,"91":1,"98":1,"102":1,"105":1,"112":1,"119":1,"120":1,"123":1,"130":1,"131":1,"132":1,"133":1,"134":1,"135":1,"138":1,"143":2,"144":2,"147":1,"154":2,"155":2,"158":1,"165":2,"166":2,"169":1,"176":2,"177":2,"180":1,"187":1,"188":1,"192":1,"193":1}},"/home/travis/build/npmtest/node-npmtest-wechat-api/lib.npmtest_wechat_api.js":{"path":"/home/travis/build/npmtest/node-npmtest-wechat-api/lib.npmtest_wechat_api.js","s":{"1":2,"2":2,"3":2,"4":2,"5":2,"6":2,"7":2,"8":1,"9":2,"10":2,"11":2,"12":2,"13":1,"14":1,"15":1,"16":1},"b":{"1":[2,1,1,1],"2":[1,1,1,1],"3":[1,1],"4":[2,2],"5":[1,1]},"f":{"1":2,"2":2,"3":2},"fnMap":{"1":{"name":"(anonymous_1)","line":12,"loc":{"start":{"line":12,"column":1},"end":{"line":12,"column":13}}},"2":{"name":"(anonymous_2)","line":19,"loc":{"start":{"line":19,"column":5},"end":{"line":19,"column":17}}},"3":{"name":"(anonymous_3)","line":23,"loc":{"start":{"line":23,"column":24},"end":{"line":23,"column":36}}}},"statementMap":{"1":{"start":{"line":12,"column":0},"end":{"line":53,"column":5}},"2":{"start":{"line":14,"column":4},"end":{"line":14,"column":14}},"3":{"start":{"line":19,"column":4},"end":{"line":52,"column":9}},"4":{"start":{"line":21,"column":8},"end":{"line":21,"column":19}},"5":{"start":{"line":23,"column":8},"end":{"line":35,"column":13}},"6":{"start":{"line":24,"column":12},"end":{"line":34,"column":13}},"7":{"start":{"line":25,"column":16},"end":{"line":28,"column":30}},"8":{"start":{"line":30,"column":16},"end":{"line":33,"column":27}},"9":{"start":{"line":37,"column":8},"end":{"line":39,"column":21}},"10":{"start":{"line":41,"column":8},"end":{"line":41,"column":54}},"11":{"start":{"line":43,"column":8},"end":{"line":43,"column":55}},"12":{"start":{"line":45,"column":8},"end":{"line":51,"column":9}},"13":{"start":{"line":46,"column":12},"end":{"line":46,"column":61}},"14":{"start":{"line":48,"column":12},"end":{"line":48,"column":35}},"15":{"start":{"line":49,"column":12},"end":{"line":49,"column":49}},"16":{"start":{"line":50,"column":12},"end":{"line":50,"column":43}}},"branchMap":{"1":{"line":25,"type":"binary-expr","locations":[{"start":{"line":25,"column":23},"end":{"line":25,"column":62}},{"start":{"line":26,"column":20},"end":{"line":26,"column":70}},{"start":{"line":27,"column":20},"end":{"line":27,"column":71}},{"start":{"line":28,"column":20},"end":{"line":28,"column":29}}]},"2":{"line":30,"type":"binary-expr","locations":[{"start":{"line":30,"column":23},"end":{"line":30,"column":37}},{"start":{"line":31,"column":20},"end":{"line":31,"column":61}},{"start":{"line":32,"column":20},"end":{"line":32,"column":70}},{"start":{"line":33,"column":20},"end":{"line":33,"column":26}}]},"3":{"line":37,"type":"cond-expr","locations":[{"start":{"line":38,"column":14},"end":{"line":38,"column":20}},{"start":{"line":39,"column":14},"end":{"line":39,"column":20}}]},"4":{"line":41,"type":"binary-expr","locations":[{"start":{"line":41,"column":16},"end":{"line":41,"column":44}},{"start":{"line":41,"column":48},"end":{"line":41,"column":53}}]},"5":{"line":45,"type":"if","locations":[{"start":{"line":45,"column":8},"end":{"line":45,"column":8}},{"start":{"line":45,"column":8},"end":{"line":45,"column":8}}]}},"code":["/* istanbul instrument in package npmtest_wechat_api */","/*jslint","    bitwise: true,","    browser: true,","    maxerr: 8,","    maxlen: 96,","    node: true,","    nomen: true,","    regexp: true,","    stupid: true","*/","(function () {","    'use strict';","    var local;","","","","    // run shared js-env code - pre-init","    (function () {","        // init local","        local = {};","        // init modeJs","        local.modeJs = (function () {","            try {","                return typeof navigator.userAgent === 'string' &&","                    typeof document.querySelector('body') === 'object' &&","                    typeof XMLHttpRequest.prototype.open === 'function' &&","                    'browser';","            } catch (errorCaughtBrowser) {","                return module.exports &&","                    typeof process.versions.node === 'string' &&","                    typeof require('http').createServer === 'function' &&","                    'node';","            }","        }());","        // init global","        local.global = local.modeJs === 'browser'","            ? window","            : global;","        // init utility2_rollup","        local = local.global.utility2_rollup || local;","        // init lib","        local.local = local.npmtest_wechat_api = local;","        // init exports","        if (local.modeJs === 'browser') {","            local.global.utility2_npmtest_wechat_api = local;","        } else {","            module.exports = local;","            module.exports.__dirname = __dirname;","            module.exports.module = module;","        }","    }());","}());",""],"l":{"12":2,"14":2,"19":2,"21":2,"23":2,"24":2,"25":2,"30":1,"37":2,"41":2,"43":2,"45":2,"46":1,"48":1,"49":1,"50":1}},"/home/travis/build/npmtest/node-npmtest-wechat-api/example.js":{"path":"/home/travis/build/npmtest/node-npmtest-wechat-api/example.js","s":{"1":2,"2":2,"3":2,"4":2,"5":2,"6":2,"7":2,"8":1,"9":2,"10":2,"11":2,"12":2,"13":1,"14":2,"15":2,"16":2,"17":2,"18":2,"19":0,"20":2,"21":1,"22":1,"23":1,"24":1,"25":1,"26":0,"27":0,"28":1,"29":1,"30":2,"31":0,"32":0,"33":0,"34":1,"35":2,"36":2,"37":3,"38":3,"39":3,"40":3,"41":0,"42":3,"43":3,"44":3,"45":1,"46":3,"47":1,"48":1,"49":1,"50":1,"51":1,"52":1,"53":1,"54":1,"55":1,"56":1,"57":0,"58":1,"59":6,"60":6,"61":1,"62":2,"63":0,"64":2,"65":1,"66":1,"67":0,"68":0,"69":0,"70":0,"71":0,"72":0,"73":0,"74":0,"75":0,"76":0,"77":0,"78":0,"79":0,"80":0,"81":0,"82":0,"83":0},"b":{"1":[2,1,1,1],"2":[1,1,1,1],"3":[1,1],"4":[2,2],"5":[1,1],"6":[1,1],"7":[2,0],"8":[2,1,1,1,1,1],"9":[0,2,0],"10":[1,1],"11":[2,1,1],"12":[1,0],"13":[0,2],"14":[2,0,0,0,0,0,0],"15":[0,3],"16":[3,0],"17":[1,1],"18":[0,1],"19":[1,2,0,2],"20":[1,0],"21":[1,1],"22":[0,0],"23":[0,0],"24":[0,0],"25":[0,0],"26":[0,0],"27":[0,0],"28":[0,0]},"f":{"1":2,"2":2,"3":2,"4":2,"5":2,"6":2,"7":3,"8":3,"9":3,"10":1,"11":6,"12":0},"fnMap":{"1":{"name":"(anonymous_1)","line":26,"loc":{"start":{"line":26,"column":1},"end":{"line":26,"column":13}}},"2":{"name":"(anonymous_2)","line":33,"loc":{"start":{"line":33,"column":5},"end":{"line":33,"column":17}}},"3":{"name":"(anonymous_3)","line":37,"loc":{"start":{"line":37,"column":24},"end":{"line":37,"column":36}}},"4":{"name":"(anonymous_4)","line":69,"loc":{"start":{"line":69,"column":31},"end":{"line":69,"column":48}},"skip":true},"5":{"name":"(anonymous_5)","line":78,"loc":{"start":{"line":78,"column":26},"end":{"line":78,"column":45}},"skip":true},"6":{"name":"(anonymous_6)","line":123,"loc":{"start":{"line":123,"column":33},"end":{"line":123,"column":48}},"skip":true},"7":{"name":"(anonymous_7)","line":125,"loc":{"start":{"line":125,"column":27},"end":{"line":125,"column":39}},"skip":true},"8":{"name":"(anonymous_8)","line":133,"loc":{"start":{"line":133,"column":59},"end":{"line":133,"column":74}},"skip":true},"9":{"name":"(anonymous_9)","line":143,"loc":{"start":{"line":143,"column":45},"end":{"line":143,"column":62}},"skip":true},"10":{"name":"(anonymous_10)","line":144,"loc":{"start":{"line":144,"column":73},"end":{"line":144,"column":92}},"skip":true},"11":{"name":"(anonymous_11)","line":272,"loc":{"start":{"line":272,"column":51},"end":{"line":272,"column":77}},"skip":true},"12":{"name":"(anonymous_12)","line":315,"loc":{"start":{"line":315,"column":32},"end":{"line":315,"column":61}},"skip":true}},"statementMap":{"1":{"start":{"line":26,"column":0},"end":{"line":326,"column":5}},"2":{"start":{"line":28,"column":4},"end":{"line":28,"column":14}},"3":{"start":{"line":33,"column":4},"end":{"line":60,"column":9}},"4":{"start":{"line":35,"column":8},"end":{"line":35,"column":19}},"5":{"start":{"line":37,"column":8},"end":{"line":49,"column":13}},"6":{"start":{"line":38,"column":12},"end":{"line":48,"column":13}},"7":{"start":{"line":39,"column":16},"end":{"line":42,"column":30}},"8":{"start":{"line":44,"column":16},"end":{"line":47,"column":27}},"9":{"start":{"line":51,"column":8},"end":{"line":53,"column":21}},"10":{"start":{"line":55,"column":8},"end":{"line":57,"column":45}},"11":{"start":{"line":59,"column":8},"end":{"line":59,"column":35}},"12":{"start":{"line":61,"column":4},"end":{"line":325,"column":5}},"13":{"start":{"line":69,"column":8},"end":{"line":121,"column":10},"skip":true},"14":{"start":{"line":70,"column":12},"end":{"line":88,"column":13},"skip":true},"15":{"start":{"line":76,"column":16},"end":{"line":87,"column":19},"skip":true},"16":{"start":{"line":79,"column":20},"end":{"line":86,"column":21},"skip":true},"17":{"start":{"line":82,"column":24},"end":{"line":82,"column":43},"skip":true},"18":{"start":{"line":83,"column":24},"end":{"line":83,"column":30},"skip":true},"19":{"start":{"line":85,"column":24},"end":{"line":85,"column":49},"skip":true},"20":{"start":{"line":89,"column":12},"end":{"line":107,"column":13},"skip":true},"21":{"start":{"line":92,"column":16},"end":{"line":102,"column":17},"skip":true},"22":{"start":{"line":93,"column":20},"end":{"line":93,"column":86},"skip":true},"23":{"start":{"line":94,"column":20},"end":{"line":95,"column":45},"skip":true},"24":{"start":{"line":96,"column":20},"end":{"line":96,"column":42},"skip":true},"25":{"start":{"line":97,"column":20},"end":{"line":97,"column":48},"skip":true},"26":{"start":{"line":100,"column":20},"end":{"line":100,"column":85},"skip":true},"27":{"start":{"line":101,"column":20},"end":{"line":101,"column":96},"skip":true},"28":{"start":{"line":103,"column":16},"end":{"line":103,"column":22},"skip":true},"29":{"start":{"line":106,"column":16},"end":{"line":106,"column":22},"skip":true},"30":{"start":{"line":108,"column":12},"end":{"line":120,"column":13},"skip":true},"31":{"start":{"line":114,"column":16},"end":{"line":119,"column":17},"skip":true},"32":{"start":{"line":116,"column":20},"end":{"line":116,"column":78},"skip":true},"33":{"start":{"line":118,"column":20},"end":{"line":118,"column":47},"skip":true},"34":{"start":{"line":123,"column":8},"end":{"line":141,"column":11},"skip":true},"35":{"start":{"line":124,"column":12},"end":{"line":124,"column":54},"skip":true},"36":{"start":{"line":125,"column":12},"end":{"line":140,"column":14},"skip":true},"37":{"start":{"line":126,"column":16},"end":{"line":126,"column":28},"skip":true},"38":{"start":{"line":127,"column":16},"end":{"line":127,"column":69},"skip":true},"39":{"start":{"line":128,"column":16},"end":{"line":128,"column":75},"skip":true},"40":{"start":{"line":129,"column":16},"end":{"line":131,"column":17},"skip":true},"41":{"start":{"line":130,"column":20},"end":{"line":130,"column":27},"skip":true},"42":{"start":{"line":133,"column":16},"end":{"line":137,"column":36},"skip":true},"43":{"start":{"line":134,"column":20},"end":{"line":136,"column":55},"skip":true},"44":{"start":{"line":139,"column":16},"end":{"line":139,"column":57},"skip":true},"45":{"start":{"line":143,"column":8},"end":{"line":147,"column":11},"skip":true},"46":{"start":{"line":144,"column":12},"end":{"line":146,"column":15},"skip":true},"47":{"start":{"line":145,"column":16},"end":{"line":145,"column":70},"skip":true},"48":{"start":{"line":149,"column":8},"end":{"line":149,"column":31},"skip":true},"49":{"start":{"line":150,"column":8},"end":{"line":150,"column":14},"skip":true},"50":{"start":{"line":158,"column":8},"end":{"line":158,"column":31},"skip":true},"51":{"start":{"line":160,"column":8},"end":{"line":160,"column":33},"skip":true},"52":{"start":{"line":161,"column":8},"end":{"line":161,"column":37},"skip":true},"53":{"start":{"line":162,"column":8},"end":{"line":162,"column":35},"skip":true},"54":{"start":{"line":164,"column":8},"end":{"line":164,"column":50},"skip":true},"55":{"start":{"line":166,"column":8},"end":{"line":256,"column":2},"skip":true},"56":{"start":{"line":258,"column":8},"end":{"line":286,"column":9},"skip":true},"57":{"start":{"line":259,"column":12},"end":{"line":269,"column":14},"skip":true},"58":{"start":{"line":271,"column":12},"end":{"line":285,"column":19},"skip":true},"59":{"start":{"line":274,"column":20},"end":{"line":274,"column":35},"skip":true},"60":{"start":{"line":275,"column":20},"end":{"line":284,"column":21},"skip":true},"61":{"start":{"line":277,"column":24},"end":{"line":277,"column":64},"skip":true},"62":{"start":{"line":279,"column":24},"end":{"line":279,"column":40},"skip":true},"63":{"start":{"line":281,"column":24},"end":{"line":281,"column":40},"skip":true},"64":{"start":{"line":283,"column":24},"end":{"line":283,"column":39},"skip":true},"65":{"start":{"line":288,"column":8},"end":{"line":290,"column":9},"skip":true},"66":{"start":{"line":289,"column":12},"end":{"line":289,"column":18},"skip":true},"67":{"start":{"line":291,"column":8},"end":{"line":293,"column":54},"skip":true},"68":{"start":{"line":296,"column":8},"end":{"line":301,"column":37},"skip":true},"69":{"start":{"line":303,"column":8},"end":{"line":303,"column":82},"skip":true},"70":{"start":{"line":306,"column":8},"end":{"line":308,"column":9},"skip":true},"71":{"start":{"line":307,"column":12},"end":{"line":307,"column":82},"skip":true},"72":{"start":{"line":310,"column":8},"end":{"line":312,"column":9},"skip":true},"73":{"start":{"line":311,"column":12},"end":{"line":311,"column":18},"skip":true},"74":{"start":{"line":313,"column":8},"end":{"line":313,"column":54},"skip":true},"75":{"start":{"line":314,"column":8},"end":{"line":314,"column":69},"skip":true},"76":{"start":{"line":315,"column":8},"end":{"line":323,"column":36},"skip":true},"77":{"start":{"line":316,"column":12},"end":{"line":316,"column":61},"skip":true},"78":{"start":{"line":317,"column":12},"end":{"line":320,"column":13},"skip":true},"79":{"start":{"line":318,"column":16},"end":{"line":318,"column":75},"skip":true},"80":{"start":{"line":319,"column":16},"end":{"line":319,"column":23},"skip":true},"81":{"start":{"line":321,"column":12},"end":{"line":321,"column":38},"skip":true},"82":{"start":{"line":322,"column":12},"end":{"line":322,"column":27},"skip":true},"83":{"start":{"line":324,"column":8},"end":{"line":324,"column":14},"skip":true}},"branchMap":{"1":{"line":39,"type":"binary-expr","locations":[{"start":{"line":39,"column":23},"end":{"line":39,"column":62}},{"start":{"line":40,"column":20},"end":{"line":40,"column":70}},{"start":{"line":41,"column":20},"end":{"line":41,"column":71}},{"start":{"line":42,"column":20},"end":{"line":42,"column":29}}]},"2":{"line":44,"type":"binary-expr","locations":[{"start":{"line":44,"column":23},"end":{"line":44,"column":37}},{"start":{"line":45,"column":20},"end":{"line":45,"column":61}},{"start":{"line":46,"column":20},"end":{"line":46,"column":70}},{"start":{"line":47,"column":20},"end":{"line":47,"column":26}}]},"3":{"line":51,"type":"cond-expr","locations":[{"start":{"line":52,"column":14},"end":{"line":52,"column":20}},{"start":{"line":53,"column":14},"end":{"line":53,"column":20}}]},"4":{"line":55,"type":"binary-expr","locations":[{"start":{"line":55,"column":16},"end":{"line":55,"column":44}},{"start":{"line":55,"column":49},"end":{"line":57,"column":43}}]},"5":{"line":55,"type":"cond-expr","locations":[{"start":{"line":56,"column":14},"end":{"line":56,"column":54}},{"start":{"line":57,"column":14},"end":{"line":57,"column":43}}]},"6":{"line":61,"type":"switch","locations":[{"start":{"line":68,"column":4},"end":{"line":150,"column":14},"skip":true},{"start":{"line":156,"column":4},"end":{"line":324,"column":14},"skip":true}]},"7":{"line":70,"type":"if","locations":[{"start":{"line":70,"column":12},"end":{"line":70,"column":12},"skip":true},{"start":{"line":70,"column":12},"end":{"line":70,"column":12},"skip":true}]},"8":{"line":70,"type":"binary-expr","locations":[{"start":{"line":70,"column":16},"end":{"line":70,"column":22},"skip":true},{"start":{"line":70,"column":27},"end":{"line":70,"column":32},"skip":true},{"start":{"line":71,"column":20},"end":{"line":71,"column":39},"skip":true},{"start":{"line":72,"column":20},"end":{"line":72,"column":49},"skip":true},{"start":{"line":73,"column":20},"end":{"line":73,"column":58},"skip":true},{"start":{"line":74,"column":20},"end":{"line":74,"column":69},"skip":true}]},"9":{"line":79,"type":"switch","locations":[{"start":{"line":80,"column":20},"end":{"line":80,"column":33},"skip":true},{"start":{"line":81,"column":20},"end":{"line":83,"column":30},"skip":true},{"start":{"line":84,"column":20},"end":{"line":85,"column":49},"skip":true}]},"10":{"line":89,"type":"switch","locations":[{"start":{"line":90,"column":12},"end":{"line":103,"column":22},"skip":true},{"start":{"line":105,"column":12},"end":{"line":106,"column":22},"skip":true}]},"11":{"line":89,"type":"binary-expr","locations":[{"start":{"line":89,"column":20},"end":{"line":89,"column":25},"skip":true},{"start":{"line":89,"column":29},"end":{"line":89,"column":48},"skip":true},{"start":{"line":89,"column":52},"end":{"line":89,"column":74},"skip":true}]},"12":{"line":92,"type":"if","locations":[{"start":{"line":92,"column":16},"end":{"line":92,"column":16},"skip":true},{"start":{"line":92,"column":16},"end":{"line":92,"column":16},"skip":true}]},"13":{"line":108,"type":"if","locations":[{"start":{"line":108,"column":12},"end":{"line":108,"column":12},"skip":true},{"start":{"line":108,"column":12},"end":{"line":108,"column":12},"skip":true}]},"14":{"line":108,"type":"binary-expr","locations":[{"start":{"line":108,"column":16},"end":{"line":108,"column":61},"skip":true},{"start":{"line":108,"column":66},"end":{"line":108,"column":72},"skip":true},{"start":{"line":108,"column":77},"end":{"line":108,"column":82},"skip":true},{"start":{"line":109,"column":20},"end":{"line":109,"column":39},"skip":true},{"start":{"line":110,"column":20},"end":{"line":110,"column":49},"skip":true},{"start":{"line":111,"column":20},"end":{"line":111,"column":58},"skip":true},{"start":{"line":112,"column":20},"end":{"line":112,"column":68},"skip":true}]},"15":{"line":129,"type":"if","locations":[{"start":{"line":129,"column":16},"end":{"line":129,"column":16},"skip":true},{"start":{"line":129,"column":16},"end":{"line":129,"column":16},"skip":true}]},"16":{"line":134,"type":"cond-expr","locations":[{"start":{"line":135,"column":26},"end":{"line":135,"column":29},"skip":true},{"start":{"line":136,"column":26},"end":{"line":136,"column":54},"skip":true}]},"17":{"line":164,"type":"binary-expr","locations":[{"start":{"line":164,"column":27},"end":{"line":164,"column":43},"skip":true},{"start":{"line":164,"column":47},"end":{"line":164,"column":49},"skip":true}]},"18":{"line":258,"type":"if","locations":[{"start":{"line":258,"column":8},"end":{"line":258,"column":8},"skip":true},{"start":{"line":258,"column":8},"end":{"line":258,"column":8},"skip":true}]},"19":{"line":275,"type":"switch","locations":[{"start":{"line":276,"column":20},"end":{"line":277,"column":64},"skip":true},{"start":{"line":278,"column":20},"end":{"line":279,"column":40},"skip":true},{"start":{"line":280,"column":20},"end":{"line":281,"column":40},"skip":true},{"start":{"line":282,"column":20},"end":{"line":283,"column":39},"skip":true}]},"20":{"line":288,"type":"if","locations":[{"start":{"line":288,"column":8},"end":{"line":288,"column":8},"skip":true},{"start":{"line":288,"column":8},"end":{"line":288,"column":8},"skip":true}]},"21":{"line":288,"type":"binary-expr","locations":[{"start":{"line":288,"column":12},"end":{"line":288,"column":40},"skip":true},{"start":{"line":288,"column":44},"end":{"line":288,"column":67},"skip":true}]},"22":{"line":292,"type":"binary-expr","locations":[{"start":{"line":292,"column":12},"end":{"line":292,"column":50},"skip":true},{"start":{"line":293,"column":12},"end":{"line":293,"column":53},"skip":true}]},"23":{"line":297,"type":"binary-expr","locations":[{"start":{"line":297,"column":12},"end":{"line":297,"column":68},"skip":true},{"start":{"line":298,"column":12},"end":{"line":301,"column":36},"skip":true}]},"24":{"line":303,"type":"binary-expr","locations":[{"start":{"line":303,"column":43},"end":{"line":303,"column":75},"skip":true},{"start":{"line":303,"column":79},"end":{"line":303,"column":81},"skip":true}]},"25":{"line":306,"type":"if","locations":[{"start":{"line":306,"column":8},"end":{"line":306,"column":8},"skip":true},{"start":{"line":306,"column":8},"end":{"line":306,"column":8},"skip":true}]},"26":{"line":310,"type":"if","locations":[{"start":{"line":310,"column":8},"end":{"line":310,"column":8},"skip":true},{"start":{"line":310,"column":8},"end":{"line":310,"column":8},"skip":true}]},"27":{"line":313,"type":"binary-expr","locations":[{"start":{"line":313,"column":27},"end":{"line":313,"column":43},"skip":true},{"start":{"line":313,"column":47},"end":{"line":313,"column":53},"skip":true}]},"28":{"line":317,"type":"if","locations":[{"start":{"line":317,"column":12},"end":{"line":317,"column":12},"skip":true},{"start":{"line":317,"column":12},"end":{"line":317,"column":12},"skip":true}]}},"code":["/*","example.js","","quickstart example","","instruction","    1. save this script as example.js","    2. run the shell command:","        $ npm install npmtest-wechat-api && PORT=8081 node example.js","    3. play with the browser-demo on http://127.0.0.1:8081","*/","","","","/* istanbul instrument in package npmtest_wechat_api */","/*jslint","    bitwise: true,","    browser: true,","    maxerr: 8,","    maxlen: 96,","    node: true,","    nomen: true,","    regexp: true,","    stupid: true","*/","(function () {","    'use strict';","    var local;","","","","    // run shared js-env code - pre-init","    (function () {","        // init local","        local = {};","        // init modeJs","        local.modeJs = (function () {","            try {","                return typeof navigator.userAgent === 'string' &&","                    typeof document.querySelector('body') === 'object' &&","                    typeof XMLHttpRequest.prototype.open === 'function' &&","                    'browser';","            } catch (errorCaughtBrowser) {","                return module.exports &&","                    typeof process.versions.node === 'string' &&","                    typeof require('http').createServer === 'function' &&","                    'node';","            }","        }());","        // init global","        local.global = local.modeJs === 'browser'","            ? window","            : global;","        // init utility2_rollup","        local = local.global.utility2_rollup || (local.modeJs === 'browser'","            ? local.global.utility2_npmtest_wechat_api","            : global.utility2_moduleExports);","        // export local","        local.global.local = local;","    }());","    switch (local.modeJs) {","","","","    // post-init","    // run browser js-env code - post-init","    /* istanbul ignore next */","    case 'browser':","        local.testRunBrowser = function (event) {","            if (!event || (event &&","                    event.currentTarget &&","                    event.currentTarget.className &&","                    event.currentTarget.className.includes &&","                    event.currentTarget.className.includes('onreset'))) {","                // reset output","                Array.from(","                    document.querySelectorAll('body > .resettable')","                ).forEach(function (element) {","                    switch (element.tagName) {","                    case 'INPUT':","                    case 'TEXTAREA':","                        element.value = '';","                        break;","                    default:","                        element.textContent = '';","                    }","                });","            }","            switch (event && event.currentTarget && event.currentTarget.id) {","            case 'testRunButton1':","                // show tests","                if (document.querySelector('#testReportDiv1').style.display === 'none') {","                    document.querySelector('#testReportDiv1').style.display = 'block';","                    document.querySelector('#testRunButton1').textContent =","                        'hide internal test';","                    local.modeTest = true;","                    local.testRunDefault(local);","                // hide tests","                } else {","                    document.querySelector('#testReportDiv1').style.display = 'none';","                    document.querySelector('#testRunButton1').textContent = 'run internal test';","                }","                break;","            // custom-case","            default:","                break;","            }","            if (document.querySelector('#inputTextareaEval1') && (!event || (event &&","                    event.currentTarget &&","                    event.currentTarget.className &&","                    event.currentTarget.className.includes &&","                    event.currentTarget.className.includes('oneval')))) {","                // try to eval input-code","                try {","                    /*jslint evil: true*/","                    eval(document.querySelector('#inputTextareaEval1').value);","                } catch (errorCaught) {","                    console.error(errorCaught);","                }","            }","        };","        // log stderr and stdout to #outputTextareaStdout1","        ['error', 'log'].forEach(function (key) {","            console[key + '_original'] = console[key];","            console[key] = function () {","                var element;","                console[key + '_original'].apply(console, arguments);","                element = document.querySelector('#outputTextareaStdout1');","                if (!element) {","                    return;","                }","                // append text to #outputTextareaStdout1","                element.value += Array.from(arguments).map(function (arg) {","                    return typeof arg === 'string'","                        ? arg","                        : JSON.stringify(arg, null, 4);","                }).join(' ') + '\\n';","                // scroll textarea to bottom","                element.scrollTop = element.scrollHeight;","            };","        });","        // init event-handling","        ['change', 'click', 'keyup'].forEach(function (event) {","            Array.from(document.querySelectorAll('.on' + event)).forEach(function (element) {","                element.addEventListener(event, local.testRunBrowser);","            });","        });","        // run tests","        local.testRunBrowser();","        break;","","","","    // run node js-env code - post-init","    /* istanbul ignore next */","    case 'node':","        // export local","        module.exports = local;","        // require modules","        local.fs = require('fs');","        local.http = require('http');","        local.url = require('url');","        // init assets","        local.assetsDict = local.assetsDict || {};","        /* jslint-ignore-begin */","        local.assetsDict['/assets.index.template.html'] = '\\","<!doctype html>\\n\\","<html lang=\"en\">\\n\\","<head>\\n\\","<meta charset=\"UTF-8\">\\n\\","<meta name=\"viewport\" content=\"width=device-width, initial-scale=1\">\\n\\","<title>{{env.npm_package_name}} (v{{env.npm_package_version}})</title>\\n\\","<style>\\n\\","/*csslint\\n\\","    box-sizing: false,\\n\\","    universal-selector: false\\n\\","*/\\n\\","* {\\n\\","    box-sizing: border-box;\\n\\","}\\n\\","body {\\n\\","    background: #dde;\\n\\","    font-family: Arial, Helvetica, sans-serif;\\n\\","    margin: 2rem;\\n\\","}\\n\\","body > * {\\n\\","    margin-bottom: 1rem;\\n\\","}\\n\\",".utility2FooterDiv {\\n\\","    margin-top: 20px;\\n\\","    text-align: center;\\n\\","}\\n\\","</style>\\n\\","<style>\\n\\","/*csslint\\n\\","*/\\n\\","textarea {\\n\\","    font-family: monospace;\\n\\","    height: 10rem;\\n\\","    width: 100%;\\n\\","}\\n\\","textarea[readonly] {\\n\\","    background: #ddd;\\n\\","}\\n\\","</style>\\n\\","</head>\\n\\","<body>\\n\\","<!-- utility2-comment\\n\\","<div id=\"ajaxProgressDiv1\" style=\"background: #d00; height: 2px; left: 0; margin: 0; padding: 0; position: fixed; top: 0; transition: background 0.5s, width 1.5s; width: 25%;\"></div>\\n\\","utility2-comment -->\\n\\","<h1>\\n\\","<!-- utility2-comment\\n\\","    <a\\n\\","        {{#if env.npm_package_homepage}}\\n\\","        href=\"{{env.npm_package_homepage}}\"\\n\\","        {{/if env.npm_package_homepage}}\\n\\","        target=\"_blank\"\\n\\","    >\\n\\","utility2-comment -->\\n\\","        {{env.npm_package_name}} (v{{env.npm_package_version}})\\n\\","<!-- utility2-comment\\n\\","    </a>\\n\\","utility2-comment -->\\n\\","</h1>\\n\\","<h3>{{env.npm_package_description}}</h3>\\n\\","<!-- utility2-comment\\n\\","<h4><a download href=\"assets.app.js\">download standalone app</a></h4>\\n\\","<button class=\"onclick onreset\" id=\"testRunButton1\">run internal test</button><br>\\n\\","<div id=\"testReportDiv1\" style=\"display: none;\"></div>\\n\\","utility2-comment -->\\n\\","\\n\\","\\n\\","\\n\\","<label>stderr and stdout</label>\\n\\","<textarea class=\"resettable\" id=\"outputTextareaStdout1\" readonly></textarea>\\n\\","<!-- utility2-comment\\n\\","{{#if isRollup}}\\n\\","<script src=\"assets.app.js\"></script>\\n\\","{{#unless isRollup}}\\n\\","utility2-comment -->\\n\\","<script src=\"assets.utility2.rollup.js\"></script>\\n\\","<script src=\"jsonp.utility2._stateInit?callback=window.utility2._stateInit\"></script>\\n\\","<script src=\"assets.npmtest_wechat_api.rollup.js\"></script>\\n\\","<script src=\"assets.example.js\"></script>\\n\\","<script src=\"assets.test.js\"></script>\\n\\","<!-- utility2-comment\\n\\","{{/if isRollup}}\\n\\","utility2-comment -->\\n\\","<div class=\"utility2FooterDiv\">\\n\\","    [ this app was created with\\n\\","    <a href=\"https://github.com/kaizhu256/node-utility2\" target=\"_blank\">utility2</a>\\n\\","    ]\\n\\","</div>\\n\\","</body>\\n\\","</html>\\n\\","';","        /* jslint-ignore-end */","        if (local.templateRender) {","            local.assetsDict['/'] = local.templateRender(","                local.assetsDict['/assets.index.template.html'],","                {","                    env: local.objectSetDefault(local.env, {","                        npm_package_description: 'the greatest app in the world!',","                        npm_package_name: 'my-app',","                        npm_package_nameAlias: 'my_app',","                        npm_package_version: '0.0.1'","                    })","                }","            );","        } else {","            local.assetsDict['/'] = local.assetsDict['/assets.index.template.html']","                .replace((/\\{\\{env\\.(\\w+?)\\}\\}/g), function (match0, match1) {","                    // jslint-hack","                    String(match0);","                    switch (match1) {","                    case 'npm_package_description':","                        return 'the greatest app in the world!';","                    case 'npm_package_name':","                        return 'my-app';","                    case 'npm_package_nameAlias':","                        return 'my_app';","                    case 'npm_package_version':","                        return '0.0.1';","                    }","                });","        }","        // run the cli","        if (local.global.utility2_rollup || module !== require.main) {","            break;","        }","        local.assetsDict['/assets.example.js'] =","            local.assetsDict['/assets.example.js'] ||","            local.fs.readFileSync(__filename, 'utf8');","        // bug-workaround - long $npm_package_buildCustomOrg","        /* jslint-ignore-begin */","        local.assetsDict['/assets.npmtest_wechat_api.rollup.js'] =","            local.assetsDict['/assets.npmtest_wechat_api.rollup.js'] ||","            local.fs.readFileSync(","                local.npmtest_wechat_api.__dirname + '/lib.npmtest_wechat_api.js',","                'utf8'","            ).replace((/^#!/), '//');","        /* jslint-ignore-end */","        local.assetsDict['/favicon.ico'] = local.assetsDict['/favicon.ico'] || '';","        // if $npm_config_timeout_exit exists,","        // then exit this process after $npm_config_timeout_exit ms","        if (Number(process.env.npm_config_timeout_exit)) {","            setTimeout(process.exit, Number(process.env.npm_config_timeout_exit));","        }","        // start server","        if (local.global.utility2_serverHttp1) {","            break;","        }","        process.env.PORT = process.env.PORT || '8081';","        console.error('server starting on port ' + process.env.PORT);","        local.http.createServer(function (request, response) {","            request.urlParsed = local.url.parse(request.url);","            if (local.assetsDict[request.urlParsed.pathname] !== undefined) {","                response.end(local.assetsDict[request.urlParsed.pathname]);","                return;","            }","            response.statusCode = 404;","            response.end();","        }).listen(process.env.PORT);","        break;","    }","}());",""],"l":{"26":2,"28":2,"33":2,"35":2,"37":2,"38":2,"39":2,"44":1,"51":2,"55":2,"59":2,"61":2,"69":1,"70":2,"76":2,"79":2,"82":2,"83":2,"85":1,"89":2,"92":1,"93":1,"94":1,"96":1,"97":1,"100":1,"101":1,"103":1,"106":1,"108":2,"114":1,"116":1,"118":1,"123":1,"124":2,"125":2,"126":3,"127":3,"128":3,"129":3,"130":1,"133":3,"134":3,"139":3,"143":1,"144":3,"145":1,"149":1,"150":1,"158":1,"160":1,"161":1,"162":1,"164":1,"166":1,"258":1,"259":1,"271":1,"274":6,"275":6,"277":1,"279":2,"281":1,"283":2,"288":1,"289":1,"291":1,"296":1,"303":1,"306":1,"307":1,"310":1,"311":1,"313":1,"314":1,"315":1,"316":1,"317":1,"318":1,"319":1,"321":1,"322":1,"324":1}},"/home/travis/build/npmtest/node-npmtest-wechat-api/node_modules/wechat-api/index.js":{"path":"/home/travis/build/npmtest/node-npmtest-wechat-api/node_modules/wechat-api/index.js","s":{"1":1,"2":1,"3":1,"4":1,"5":1,"6":1,"7":1,"8":1,"9":1,"10":1,"11":1,"12":1,"13":1,"14":1,"15":1,"16":1,"17":1,"18":1,"19":1,"20":1,"21":1,"22":1,"23":1,"24":1,"25":1,"26":1,"27":1,"28":1,"29":1,"30":1,"31":1,"32":1,"33":1},"b":{},"f":{},"fnMap":{},"statementMap":{"1":{"start":{"line":3,"column":0},"end":{"line":3,"column":38}},"2":{"start":{"line":5,"column":0},"end":{"line":5,"column":38}},"3":{"start":{"line":7,"column":0},"end":{"line":7,"column":37}},"4":{"start":{"line":9,"column":0},"end":{"line":9,"column":44}},"5":{"start":{"line":11,"column":0},"end":{"line":11,"column":38}},"6":{"start":{"line":13,"column":0},"end":{"line":13,"column":36}},"7":{"start":{"line":15,"column":0},"end":{"line":15,"column":37}},"8":{"start":{"line":17,"column":0},"end":{"line":17,"column":39}},"9":{"start":{"line":19,"column":0},"end":{"line":19,"column":38}},"10":{"start":{"line":21,"column":0},"end":{"line":21,"column":41}},"11":{"start":{"line":23,"column":0},"end":{"line":23,"column":40}},"12":{"start":{"line":25,"column":0},"end":{"line":25,"column":41}},"13":{"start":{"line":27,"column":0},"end":{"line":27,"column":47}},"14":{"start":{"line":29,"column":0},"end":{"line":29,"column":42}},"15":{"start":{"line":31,"column":0},"end":{"line":31,"column":43}},"16":{"start":{"line":33,"column":0},"end":{"line":33,"column":43}},"17":{"start":{"line":35,"column":0},"end":{"line":35,"column":45}},"18":{"start":{"line":37,"column":0},"end":{"line":37,"column":43}},"19":{"start":{"line":39,"column":0},"end":{"line":39,"column":43}},"20":{"start":{"line":41,"column":0},"end":{"line":41,"column":43}},"21":{"start":{"line":43,"column":0},"end":{"line":43,"column":44}},"22":{"start":{"line":45,"column":0},"end":{"line":45,"column":40}},"23":{"start":{"line":47,"column":0},"end":{"line":47,"column":41}},"24":{"start":{"line":49,"column":0},"end":{"line":49,"column":36}},"25":{"start":{"line":51,"column":0},"end":{"line":51,"column":41}},"26":{"start":{"line":53,"column":0},"end":{"line":53,"column":35}},"27":{"start":{"line":55,"column":0},"end":{"line":55,"column":41}},"28":{"start":{"line":57,"column":0},"end":{"line":57,"column":35}},"29":{"start":{"line":59,"column":0},"end":{"line":59,"column":37}},"30":{"start":{"line":61,"column":0},"end":{"line":61,"column":39}},"31":{"start":{"line":63,"column":0},"end":{"line":63,"column":44}},"32":{"start":{"line":65,"column":0},"end":{"line":65,"column":36}},"33":{"start":{"line":66,"column":0},"end":{"line":66,"column":21}}},"branchMap":{},"code":["'use strict';","","var API = require('./lib/api_common');","// 接口调用频次限制","API.mixin(require('./lib/api_quota'));","// 自定义菜单接口","API.mixin(require('./lib/api_menu'));","// 个性化菜单接口","API.mixin(require('./lib/api_menu_custom'));","// 分组管理","API.mixin(require('./lib/api_group'));","// 标签管理","API.mixin(require('./lib/api_tag'));","// 用户信息","API.mixin(require('./lib/api_user'));","// 二维码","API.mixin(require('./lib/api_qrcode'));","// 媒体管理（上传、下载）","API.mixin(require('./lib/api_media'));","// 永久素材管理接口","API.mixin(require('./lib/api_material'));","// 客服消息","API.mixin(require('./lib/api_message'));","// 模板消息","API.mixin(require('./lib/api_template'));","// 获取客服聊天记录","API.mixin(require('./lib/api_custom_service'));","// 高级群发接口","API.mixin(require('./lib/api_mass_send'));","// 微信小店商品管理接口","API.mixin(require('./lib/api_shop_goods'));","// 微信小店库存管理接口","API.mixin(require('./lib/api_shop_stock'));","// 微信小店邮费模版管理接口","API.mixin(require('./lib/api_shop_express'));","// 微信小店分组管理接口","API.mixin(require('./lib/api_shop_group'));","// 微信小店货架管理接口","API.mixin(require('./lib/api_shop_shelf'));","// 微信小店订单管理接口","API.mixin(require('./lib/api_shop_order'));","// 微信小店功能管理接口","API.mixin(require('./lib/api_shop_common'));","// 支付接口","API.mixin(require('./lib/api_payment'));","// 用户维权系统接口","API.mixin(require('./lib/api_feedback'));","// 短网址接口","API.mixin(require('./lib/api_url'));","// 语义查询接口","API.mixin(require('./lib/api_semantic'));","// 获取微信服务器IP地址","API.mixin(require('./lib/api_ip'));","// 图文消息数据分析接口","API.mixin(require('./lib/api_datacube'));","// js sdk接口","API.mixin(require('./lib/api_js'));","// 卡券接口","API.mixin(require('./lib/api_card'));","// 设备接口","API.mixin(require('./lib/api_device'));","// 摇一摇周边接口","API.mixin(require('./lib/api_shakearound'));","// 门店管理接口","API.mixin(require('./lib/api_poi'));","module.exports = API;",""],"l":{"3":1,"5":1,"7":1,"9":1,"11":1,"13":1,"15":1,"17":1,"19":1,"21":1,"23":1,"25":1,"27":1,"29":1,"31":1,"33":1,"35":1,"37":1,"39":1,"41":1,"43":1,"45":1,"47":1,"49":1,"51":1,"53":1,"55":1,"57":1,"59":1,"61":1,"63":1,"65":1,"66":1}},"/home/travis/build/npmtest/node-npmtest-wechat-api/node_modules/wechat-api/lib/api_common.js":{"path":"/home/travis/build/npmtest/node-npmtest-wechat-api/node_modules/wechat-api/lib/api_common.js","s":{"1":1,"2":1,"3":1,"4":1,"5":1,"6":0,"7":0,"8":0,"9":0,"10":1,"11":0,"12":1,"13":0,"14":0,"15":0,"16":0,"17":0,"18":0,"19":0,"20":0,"21":0,"22":0,"23":0,"24":0,"25":0,"26":0,"27":1,"28":0,"29":1,"30":0,"31":1,"32":0,"33":0,"34":0,"35":0,"36":0,"37":0,"38":0,"39":0,"40":0,"41":0,"42":0,"43":0,"44":1,"45":0,"46":0,"47":0,"48":0,"49":0,"50":0,"51":0,"52":0,"53":0,"54":0,"55":0,"56":0,"57":1,"58":0,"59":0,"60":0,"61":0,"62":0,"63":0,"64":0,"65":0,"66":0,"67":0,"68":0,"69":0,"70":0,"71":0,"72":0,"73":0,"74":0,"75":0,"76":0,"77":0,"78":0,"79":0,"80":1,"81":0,"82":0,"83":0,"84":0,"85":0,"86":0,"87":0,"88":0,"89":1,"90":31,"91":463,"92":0,"93":463,"94":1,"95":0,"96":0,"97":0,"98":0,"99":0,"100":0,"101":0,"102":0,"103":0,"104":0,"105":0,"106":0,"107":1,"108":1},"b":{"1":[0,0],"2":[0,0],"3":[0,0],"4":[0,0],"5":[0,0],"6":[0,0],"7":[0,0],"8":[0,0],"9":[0,0],"10":[0,0],"11":[0,0],"12":[0,0],"13":[0,0],"14":[0,0],"15":[0,0],"16":[0,0],"17":[0,0,0],"18":[0,0],"19":[0,0],"20":[0,0],"21":[0,0],"22":[0,463],"23":[0,0],"24":[0,0],"25":[0,0],"26":[0,0],"27":[0,0],"28":[0,0]},"f":{"1":0,"2":0,"3":0,"4":0,"5":0,"6":0,"7":0,"8":0,"9":0,"10":0,"11":0,"12":0,"13":0,"14":0,"15":0,"16":0,"17":0,"18":31,"19":0,"20":0},"fnMap":{"1":{"name":"(anonymous_1)","line":9,"loc":{"start":{"line":9,"column":18},"end":{"line":9,"column":53}}},"2":{"name":"(anonymous_2)","line":25,"loc":{"start":{"line":25,"column":32},"end":{"line":25,"column":44}}},"3":{"name":"(anonymous_3)","line":66,"loc":{"start":{"line":66,"column":10},"end":{"line":66,"column":59}}},"4":{"name":"(anonymous_4)","line":69,"loc":{"start":{"line":69,"column":30},"end":{"line":69,"column":50}}},"5":{"name":"(anonymous_5)","line":72,"loc":{"start":{"line":72,"column":32},"end":{"line":72,"column":59}}},"6":{"name":"(anonymous_6)","line":101,"loc":{"start":{"line":101,"column":28},"end":{"line":101,"column":46}}},"7":{"name":"(anonymous_7)","line":114,"loc":{"start":{"line":114,"column":24},"end":{"line":114,"column":40}}},"8":{"name":"(anonymous_8)","line":129,"loc":{"start":{"line":129,"column":24},"end":{"line":129,"column":55}}},"9":{"name":"(anonymous_9)","line":171,"loc":{"start":{"line":171,"column":31},"end":{"line":171,"column":51}}},"10":{"name":"(anonymous_10)","line":174,"loc":{"start":{"line":174,"column":48},"end":{"line":174,"column":69}}},"11":{"name":"(anonymous_11)","line":181,"loc":{"start":{"line":181,"column":26},"end":{"line":181,"column":41}}},"12":{"name":"(anonymous_12)","line":203,"loc":{"start":{"line":203,"column":27},"end":{"line":203,"column":60}}},"13":{"name":"(anonymous_13)","line":207,"loc":{"start":{"line":207,"column":16},"end":{"line":207,"column":38}}},"14":{"name":"(anonymous_14)","line":217,"loc":{"start":{"line":217,"column":26},"end":{"line":217,"column":52}}},"15":{"name":"(anonymous_15)","line":233,"loc":{"start":{"line":233,"column":26},"end":{"line":233,"column":48}}},"16":{"name":"(anonymous_16)","line":261,"loc":{"start":{"line":261,"column":31},"end":{"line":261,"column":51}}},"17":{"name":"(anonymous_17)","line":264,"loc":{"start":{"line":264,"column":16},"end":{"line":264,"column":38}}},"18":{"name":"(anonymous_18)","line":287,"loc":{"start":{"line":287,"column":12},"end":{"line":287,"column":27}}},"19":{"name":"(anonymous_19)","line":314,"loc":{"start":{"line":314,"column":12},"end":{"line":314,"column":54}}},"20":{"name":"(anonymous_20)","line":331,"loc":{"start":{"line":331,"column":41},"end":{"line":331,"column":67}}}},"statementMap":{"1":{"start":{"line":4,"column":0},"end":{"line":4,"column":31}},"2":{"start":{"line":5,"column":0},"end":{"line":5,"column":29}},"3":{"start":{"line":6,"column":0},"end":{"line":6,"column":37}},"4":{"start":{"line":7,"column":0},"end":{"line":7,"column":27}},"5":{"start":{"line":9,"column":0},"end":{"line":15,"column":2}},"6":{"start":{"line":10,"column":2},"end":{"line":12,"column":3}},"7":{"start":{"line":11,"column":4},"end":{"line":11,"column":52}},"8":{"start":{"line":13,"column":2},"end":{"line":13,"column":33}},"9":{"start":{"line":14,"column":2},"end":{"line":14,"column":31}},"10":{"start":{"line":25,"column":0},"end":{"line":27,"column":2}},"11":{"start":{"line":26,"column":2},"end":{"line":26,"column":72}},"12":{"start":{"line":66,"column":0},"end":{"line":85,"column":2}},"13":{"start":{"line":67,"column":2},"end":{"line":67,"column":21}},"14":{"start":{"line":68,"column":2},"end":{"line":68,"column":29}},"15":{"start":{"line":69,"column":2},"end":{"line":71,"column":4}},"16":{"start":{"line":70,"column":4},"end":{"line":70,"column":31}},"17":{"start":{"line":72,"column":2},"end":{"line":78,"column":4}},"18":{"start":{"line":73,"column":4},"end":{"line":73,"column":23}},"19":{"start":{"line":74,"column":4},"end":{"line":76,"column":5}},"20":{"start":{"line":75,"column":6},"end":{"line":75,"column":83}},"21":{"start":{"line":77,"column":4},"end":{"line":77,"column":19}},"22":{"start":{"line":79,"column":2},"end":{"line":79,"column":46}},"23":{"start":{"line":80,"column":2},"end":{"line":80,"column":54}},"24":{"start":{"line":81,"column":2},"end":{"line":81,"column":67}},"25":{"start":{"line":82,"column":2},"end":{"line":82,"column":21}},"26":{"start":{"line":84,"column":2},"end":{"line":84,"column":30}},"27":{"start":{"line":101,"column":0},"end":{"line":103,"column":2}},"28":{"start":{"line":102,"column":2},"end":{"line":102,"column":38}},"29":{"start":{"line":114,"column":0},"end":{"line":116,"column":2}},"30":{"start":{"line":115,"column":2},"end":{"line":115,"column":23}},"31":{"start":{"line":129,"column":0},"end":{"line":147,"column":2}},"32":{"start":{"line":130,"column":2},"end":{"line":130,"column":19}},"33":{"start":{"line":131,"column":2},"end":{"line":131,"column":33}},"34":{"start":{"line":132,"column":2},"end":{"line":135,"column":3}},"35":{"start":{"line":133,"column":4},"end":{"line":133,"column":20}},"36":{"start":{"line":134,"column":4},"end":{"line":134,"column":14}},"37":{"start":{"line":136,"column":2},"end":{"line":145,"column":3}},"38":{"start":{"line":137,"column":4},"end":{"line":144,"column":5}},"39":{"start":{"line":138,"column":6},"end":{"line":138,"column":31}},"40":{"start":{"line":140,"column":6},"end":{"line":143,"column":7}},"41":{"start":{"line":141,"column":8},"end":{"line":141,"column":48}},"42":{"start":{"line":142,"column":8},"end":{"line":142,"column":46}},"43":{"start":{"line":146,"column":2},"end":{"line":146,"column":41}},"44":{"start":{"line":171,"column":0},"end":{"line":189,"column":2}},"45":{"start":{"line":172,"column":2},"end":{"line":172,"column":18}},"46":{"start":{"line":173,"column":2},"end":{"line":173,"column":124}},"47":{"start":{"line":174,"column":2},"end":{"line":187,"column":6}},"48":{"start":{"line":175,"column":4},"end":{"line":177,"column":5}},"49":{"start":{"line":176,"column":6},"end":{"line":176,"column":27}},"50":{"start":{"line":179,"column":4},"end":{"line":179,"column":76}},"51":{"start":{"line":180,"column":4},"end":{"line":180,"column":59}},"52":{"start":{"line":181,"column":4},"end":{"line":186,"column":7}},"53":{"start":{"line":182,"column":6},"end":{"line":184,"column":7}},"54":{"start":{"line":183,"column":8},"end":{"line":183,"column":29}},"55":{"start":{"line":185,"column":6},"end":{"line":185,"column":27}},"56":{"start":{"line":188,"column":2},"end":{"line":188,"column":14}},"57":{"start":{"line":203,"column":0},"end":{"line":244,"column":2}},"58":{"start":{"line":204,"column":2},"end":{"line":204,"column":18}},"59":{"start":{"line":205,"column":2},"end":{"line":205,"column":39}},"60":{"start":{"line":207,"column":2},"end":{"line":243,"column":5}},"61":{"start":{"line":208,"column":4},"end":{"line":210,"column":5}},"62":{"start":{"line":209,"column":6},"end":{"line":209,"column":27}},"63":{"start":{"line":211,"column":4},"end":{"line":211,"column":20}},"64":{"start":{"line":213,"column":4},"end":{"line":242,"column":5}},"65":{"start":{"line":215,"column":6},"end":{"line":215,"column":31}},"66":{"start":{"line":216,"column":6},"end":{"line":230,"column":7}},"67":{"start":{"line":217,"column":8},"end":{"line":223,"column":10}},"68":{"start":{"line":219,"column":10},"end":{"line":221,"column":11}},"69":{"start":{"line":220,"column":12},"end":{"line":220,"column":55}},"70":{"start":{"line":222,"column":10},"end":{"line":222,"column":35}},"71":{"start":{"line":225,"column":8},"end":{"line":225,"column":62}},"72":{"start":{"line":226,"column":8},"end":{"line":226,"column":34}},"73":{"start":{"line":227,"column":8},"end":{"line":227,"column":36}},"74":{"start":{"line":229,"column":8},"end":{"line":229,"column":33}},"75":{"start":{"line":233,"column":6},"end":{"line":241,"column":9}},"76":{"start":{"line":235,"column":8},"end":{"line":237,"column":9}},"77":{"start":{"line":236,"column":10},"end":{"line":236,"column":31}},"78":{"start":{"line":239,"column":8},"end":{"line":239,"column":27}},"79":{"start":{"line":240,"column":8},"end":{"line":240,"column":33}},"80":{"start":{"line":261,"column":0},"end":{"line":276,"column":2}},"81":{"start":{"line":262,"column":2},"end":{"line":262,"column":18}},"82":{"start":{"line":264,"column":2},"end":{"line":275,"column":5}},"83":{"start":{"line":265,"column":4},"end":{"line":267,"column":5}},"84":{"start":{"line":266,"column":6},"end":{"line":266,"column":27}},"85":{"start":{"line":268,"column":4},"end":{"line":268,"column":20}},"86":{"start":{"line":270,"column":4},"end":{"line":272,"column":5}},"87":{"start":{"line":271,"column":6},"end":{"line":271,"column":41}},"88":{"start":{"line":274,"column":4},"end":{"line":274,"column":34}},"89":{"start":{"line":287,"column":0},"end":{"line":294,"column":2}},"90":{"start":{"line":288,"column":2},"end":{"line":293,"column":3}},"91":{"start":{"line":289,"column":4},"end":{"line":291,"column":5}},"92":{"start":{"line":290,"column":6},"end":{"line":290,"column":87}},"93":{"start":{"line":292,"column":4},"end":{"line":292,"column":34}},"94":{"start":{"line":314,"column":0},"end":{"line":336,"column":2}},"95":{"start":{"line":315,"column":2},"end":{"line":317,"column":3}},"96":{"start":{"line":316,"column":4},"end":{"line":316,"column":96}},"97":{"start":{"line":319,"column":2},"end":{"line":321,"column":3}},"98":{"start":{"line":320,"column":4},"end":{"line":320,"column":94}},"99":{"start":{"line":323,"column":2},"end":{"line":329,"column":3}},"100":{"start":{"line":324,"column":4},"end":{"line":328,"column":5}},"101":{"start":{"line":325,"column":6},"end":{"line":325,"column":164}},"102":{"start":{"line":327,"column":6},"end":{"line":327,"column":117}},"103":{"start":{"line":331,"column":2},"end":{"line":335,"column":5}},"104":{"start":{"line":332,"column":4},"end":{"line":332,"column":43}},"105":{"start":{"line":333,"column":4},"end":{"line":333,"column":95}},"106":{"start":{"line":334,"column":4},"end":{"line":334,"column":62}},"107":{"start":{"line":338,"column":0},"end":{"line":338,"column":30}},"108":{"start":{"line":340,"column":0},"end":{"line":340,"column":21}}},"branchMap":{"1":{"line":10,"type":"if","locations":[{"start":{"line":10,"column":2},"end":{"line":10,"column":2}},{"start":{"line":10,"column":2},"end":{"line":10,"column":2}}]},"2":{"line":26,"type":"binary-expr","locations":[{"start":{"line":26,"column":9},"end":{"line":26,"column":27}},{"start":{"line":26,"column":31},"end":{"line":26,"column":71}}]},"3":{"line":69,"type":"binary-expr","locations":[{"start":{"line":69,"column":18},"end":{"line":69,"column":26}},{"start":{"line":69,"column":30},"end":{"line":71,"column":3}}]},"4":{"line":72,"type":"binary-expr","locations":[{"start":{"line":72,"column":19},"end":{"line":72,"column":28}},{"start":{"line":72,"column":32},"end":{"line":78,"column":3}}]},"5":{"line":74,"type":"if","locations":[{"start":{"line":74,"column":4},"end":{"line":74,"column":4}},{"start":{"line":74,"column":4},"end":{"line":74,"column":4}}]},"6":{"line":132,"type":"if","locations":[{"start":{"line":132,"column":2},"end":{"line":132,"column":2}},{"start":{"line":132,"column":2},"end":{"line":132,"column":2}}]},"7":{"line":137,"type":"if","locations":[{"start":{"line":137,"column":4},"end":{"line":137,"column":4}},{"start":{"line":137,"column":4},"end":{"line":137,"column":4}}]},"8":{"line":140,"type":"if","locations":[{"start":{"line":140,"column":6},"end":{"line":140,"column":6}},{"start":{"line":140,"column":6},"end":{"line":140,"column":6}}]},"9":{"line":141,"type":"binary-expr","locations":[{"start":{"line":141,"column":26},"end":{"line":141,"column":41}},{"start":{"line":141,"column":45},"end":{"line":141,"column":47}}]},"10":{"line":175,"type":"if","locations":[{"start":{"line":175,"column":4},"end":{"line":175,"column":4}},{"start":{"line":175,"column":4},"end":{"line":175,"column":4}}]},"11":{"line":182,"type":"if","locations":[{"start":{"line":182,"column":6},"end":{"line":182,"column":6}},{"start":{"line":182,"column":6},"end":{"line":182,"column":6}}]},"12":{"line":208,"type":"if","locations":[{"start":{"line":208,"column":4},"end":{"line":208,"column":4}},{"start":{"line":208,"column":4},"end":{"line":208,"column":4}}]},"13":{"line":213,"type":"if","locations":[{"start":{"line":213,"column":4},"end":{"line":213,"column":4}},{"start":{"line":213,"column":4},"end":{"line":213,"column":4}}]},"14":{"line":213,"type":"binary-expr","locations":[{"start":{"line":213,"column":8},"end":{"line":213,"column":13}},{"start":{"line":213,"column":17},"end":{"line":213,"column":91}}]},"15":{"line":216,"type":"if","locations":[{"start":{"line":216,"column":6},"end":{"line":216,"column":6}},{"start":{"line":216,"column":6},"end":{"line":216,"column":6}}]},"16":{"line":219,"type":"if","locations":[{"start":{"line":219,"column":10},"end":{"line":219,"column":10}},{"start":{"line":219,"column":10},"end":{"line":219,"column":10}}]},"17":{"line":219,"type":"binary-expr","locations":[{"start":{"line":219,"column":14},"end":{"line":219,"column":18}},{"start":{"line":219,"column":22},"end":{"line":219,"column":34}},{"start":{"line":219,"column":38},"end":{"line":219,"column":60}}]},"18":{"line":235,"type":"if","locations":[{"start":{"line":235,"column":8},"end":{"line":235,"column":8}},{"start":{"line":235,"column":8},"end":{"line":235,"column":8}}]},"19":{"line":265,"type":"if","locations":[{"start":{"line":265,"column":4},"end":{"line":265,"column":4}},{"start":{"line":265,"column":4},"end":{"line":265,"column":4}}]},"20":{"line":270,"type":"if","locations":[{"start":{"line":270,"column":4},"end":{"line":270,"column":4}},{"start":{"line":270,"column":4},"end":{"line":270,"column":4}}]},"21":{"line":270,"type":"binary-expr","locations":[{"start":{"line":270,"column":8},"end":{"line":270,"column":13}},{"start":{"line":270,"column":17},"end":{"line":270,"column":91}}]},"22":{"line":289,"type":"if","locations":[{"start":{"line":289,"column":4},"end":{"line":289,"column":4}},{"start":{"line":289,"column":4},"end":{"line":289,"column":4}}]},"23":{"line":315,"type":"if","locations":[{"start":{"line":315,"column":2},"end":{"line":315,"column":2}},{"start":{"line":315,"column":2},"end":{"line":315,"column":2}}]},"24":{"line":319,"type":"if","locations":[{"start":{"line":319,"column":2},"end":{"line":319,"column":2}},{"start":{"line":319,"column":2},"end":{"line":319,"column":2}}]},"25":{"line":323,"type":"if","locations":[{"start":{"line":323,"column":2},"end":{"line":323,"column":2}},{"start":{"line":323,"column":2},"end":{"line":323,"column":2}}]},"26":{"line":323,"type":"binary-expr","locations":[{"start":{"line":323,"column":6},"end":{"line":323,"column":33}},{"start":{"line":323,"column":37},"end":{"line":323,"column":70}}]},"27":{"line":324,"type":"if","locations":[{"start":{"line":324,"column":4},"end":{"line":324,"column":4}},{"start":{"line":324,"column":4},"end":{"line":324,"column":4}}]},"28":{"line":333,"type":"cond-expr","locations":[{"start":{"line":333,"column":34},"end":{"line":333,"column":50}},{"start":{"line":333,"column":52},"end":{"line":333,"column":68}}]}},"code":["'use strict';","","// 本文件用于wechat API，基础文件，主要用于Token的处理和mixin机制","var urllib = require('urllib');","var util = require('./util');","var extend = require('util')._extend;","var wrapper = util.wrapper;","","var AccessToken = function (accessToken, expireTime) {","  if (!(this instanceof AccessToken)) {","    return new AccessToken(accessToken, expireTime);","  }","  this.accessToken = accessToken;","  this.expireTime = expireTime;","};","","/*!"," * 检查AccessToken是否有效，检查规则为当前时间和过期时间进行对比"," *"," * Examples:"," * ```"," * token.isValid();"," * ```"," */","AccessToken.prototype.isValid = function () {","  return !!this.accessToken && (new Date().getTime()) < this.expireTime;","};","","/**"," * 根据appid和appsecret创建API的构造函数"," * 如需跨进程跨机器进行操作Wechat API（依赖access token），access token需要进行全局维护"," * 使用策略如下："," *"," * 1. 调用用户传入的获取token的异步方法，获得token之后使用"," * 2. 使用appid/appsecret获取token。并调用用户传入的保存token方法保存"," *"," * Tips:"," *"," * - 如果跨机器运行wechat模块，需要注意同步机器之间的系统时间。"," *"," * Examples:"," * ```"," * var API = require('wechat-api');"," * var api = new API('appid', 'secret');"," * ```"," * 以上即可满足单进程使用。"," * 当多进程时，token需要全局维护，以下为保存token的接口。"," * ```"," * var api = new API('appid', 'secret', function (callback) {"," *   // 传入一个获取全局token的方法"," *   fs.readFile('access_token.txt', 'utf8', function (err, txt) {"," *     if (err) {return callback(err);}"," *     callback(null, JSON.parse(txt));"," *   });"," * }, function (token, callback) {"," *   // 请将token存储到全局，跨进程、跨机器级别的全局，比如写到数据库、redis等"," *   // 这样才能在cluster模式及多机情况下使用，以下为写入到文件的示例"," *   fs.writeFile('access_token.txt', JSON.stringify(token), callback);"," * });"," * ```"," * @param {String} appid 在公众平台上申请得到的appid"," * @param {String} appsecret 在公众平台上申请得到的app secret"," * @param {Function} getToken 可选的。获取全局token对象的方法，多进程模式部署时需在意"," * @param {Function} saveToken 可选的。保存全局token对象的方法，多进程模式部署时需在意"," */","var API = function (appid, appsecret, getToken, saveToken) {","  this.appid = appid;","  this.appsecret = appsecret;","  this.getToken = getToken || function (callback) {","    callback(null, this.store);","  };","  this.saveToken = saveToken || function (token, callback) {","    this.store = token;","    if (process.env.NODE_ENV === 'production') {","      console.warn('Don\\'t save token in memory, when cluster or multi-computer!');","    }","    callback(null);","  };","  this.endpoint = 'https://api.weixin.qq.com';","  this.mpPrefix = 'https://mp.weixin.qq.com/cgi-bin/';","  this.fileServerPrefix = 'http://file.api.weixin.qq.com/cgi-bin/';","  this.defaults = {};","  // set default js ticket handle","  this.registerTicketHandle();","};","","/**"," * 用于设置接入点"," *"," * - 通用域名(api.weixin.qq.com)，使用该域名将访问官方指定就近的接入点；"," * - 上海域名(sh.api.weixin.qq.com)，使用该域名将访问上海的接入点；"," * - 深圳域名(sz.api.weixin.qq.com)，使用该域名将访问深圳的接入点；"," * - 香港域名(hk.api.weixin.qq.com)，使用该域名将访问香港的接入点。"," *"," * Examples:"," * ```"," * api.setEndpoint('api.weixin.qq.com');"," * ```"," * @param {String} domain 域名，默认为api.weixin.qq.com"," */","API.prototype.setEndpoint = function (domain) {","  this.endpoint = 'https://' + domain;","};","","/**"," * 用于设置urllib的默认options"," *"," * Examples:"," * ```"," * api.setOpts({timeout: 15000});"," * ```"," * @param {Object} opts 默认选项"," */","API.prototype.setOpts = function (opts) {","  this.defaults = opts;","};","","/**"," * 设置urllib的hook"," *"," * Examples:"," * ```"," * api.setHook(function (options) {"," *   // options"," * });"," * ```"," * @param {Function} beforeRequest 需要封装的方法"," */","API.prototype.request = function (url, opts, callback) {","  var options = {};","  extend(options, this.defaults);","  if (typeof opts === 'function') {","    callback = opts;","    opts = {};","  }","  for (var key in opts) {","    if (key !== 'headers') {","      options[key] = opts[key];","    } else {","      if (opts.headers) {","        options.headers = options.headers || {};","        extend(options.headers, opts.headers);","      }","    }","  }","  urllib.request(url, options, callback);","};","","/*!"," * 根据创建API时传入的appid和appsecret获取access token"," * 进行后续所有API调用时，需要先获取access token"," * 详细请看：<http://mp.weixin.qq.com/wiki/11/0e4b294685f817b95cbed85ba5e82b8f.html>"," *"," * 应用开发者无需直接调用本API。"," *"," * Examples:"," * ```"," * api.getAccessToken(callback);"," * ```"," * Callback:"," *"," * - `err`, 获取access token出现异常时的异常对象"," * - `result`, 成功时得到的响应结果"," *"," * Result:"," * ```"," * {\"access_token\": \"ACCESS_TOKEN\",\"expires_in\": 7200}"," * ```"," * @param {Function} callback 回调函数"," */","API.prototype.getAccessToken = function (callback) {","  var that = this;","  var url = this.endpoint + '/cgi-bin/token?grant_type=client_credential&appid=' + this.appid + '&secret=' + this.appsecret;","  this.request(url, {dataType: 'json'}, wrapper(function (err, data) {","    if (err) {","      return callback(err);","    }","    // 过期时间，因网络延迟等，将实际过期时间提前10秒，以防止临界点","    var expireTime = (new Date().getTime()) + (data.expires_in - 10) * 1000;","    var token = AccessToken(data.access_token, expireTime);","    that.saveToken(token, function (err) {","      if (err) {","        return callback(err);","      }","      callback(err, token);","    });","  }));","  return this;","};","","/*!"," * 需要access token的接口调用如果采用preRequest进行封装后，就可以直接调用。"," * 无需依赖getAccessToken为前置调用。"," * 应用开发者无需直接调用此API。"," *"," * Examples:"," * ```"," * api.preRequest(method, arguments);"," * ```"," * @param {Function} method 需要封装的方法"," * @param {Array} args 方法需要的参数"," */","API.prototype.preRequest = function (method, args, retryed) {","  var that = this;","  var callback = args[args.length - 1];","  // 调用用户传入的获取token的异步方法，获得token之后使用（并缓存它）。","  that.getToken(function (err, token) {","    if (err) {","      return callback(err);","    }","    var accessToken;","    // 有token并且token有效直接调用","    if (token && (accessToken = AccessToken(token.accessToken, token.expireTime)).isValid()) {","      // 暂时保存token","      that.token = accessToken;","      if (!retryed) {","        var retryHandle = function (err, data, res) {","          // 40001 重试","          if (data && data.errcode && data.errcode === 40001) {","            return that.preRequest(method, args, true);","          }","          callback(err, data, res);","        };","        // 替换callback","        var newargs = Array.prototype.slice.call(args, 0, -1);","        newargs.push(retryHandle);","        method.apply(that, newargs);","      } else {","        method.apply(that, args);","      }","    } else {","      // 使用appid/appsecret获取token","      that.getAccessToken(function (err, token) {","        // 如遇错误，通过回调函数传出","        if (err) {","          return callback(err);","        }","        // 暂时保存token","        that.token = token;","        method.apply(that, args);","      });","    }","  });","};","","/**"," * 获取最新的token"," *"," * Examples:"," * ```"," * api.getLatestToken(callback);"," * ```"," * Callback:"," *"," * - `err`, 获取access token出现异常时的异常对象"," * - `token`, 获取的token"," *"," * @param {Function} method 需要封装的方法"," * @param {Array} args 方法需要的参数"," */","API.prototype.getLatestToken = function (callback) {","  var that = this;","  // 调用用户传入的获取token的异步方法，获得token之后使用（并缓存它）。","  that.getToken(function (err, token) {","    if (err) {","      return callback(err);","    }","    var accessToken;","    // 有token并且token有效直接调用","    if (token && (accessToken = AccessToken(token.accessToken, token.expireTime)).isValid()) {","      return callback(null, accessToken);","    }","    // 使用appid/appsecret获取token","    that.getAccessToken(callback);","  });","};","","/**"," * 用于支持对象合并。将对象合并到API.prototype上，使得能够支持扩展"," * Examples:"," * ```"," * // 媒体管理（上传、下载）"," * API.mixin(require('./lib/api_media'));"," * ```"," * @param {Object} obj 要合并的对象"," */","API.mixin = function (obj) {","  for (var key in obj) {","    if (API.prototype.hasOwnProperty(key)) {","      throw new Error('Don\\'t allow override existed prototype method. method: '+ key);","    }","    API.prototype[key] = obj[key];","  }","};","","/**"," * 用于扩展API."," * 作用是：当微信的官方 API 添加新功能，而wechat-api没有来得及升级时，用这个方法快速添加此功能。"," * 当 api 升级后应该用 API 内提供的方法。"," * Examples:"," * ```"," * // 为 API 添加一个 createQr 方法。"," * API.ext(\"createQr\", \"https://api.weixin.qq.com/card/qrcode/create\");"," * ```"," * Usage:"," * ```"," * // 调用这个 createQr 方法。"," *  api.createQr({'card_id': ’dkjeuDfsfeu3242w3dnjlq23i'}, callback);"," * ```"," * @param {String} functionName 用户调用的方法名"," * @param {String} apiUrl 此 API 的 url 地址"," * @param {Bool} override 如果填写 true 则覆盖原来 api 已有的方法， false 或不传，则抛错。"," */","API.patch = function (functionName, apiUrl, override) {","  if (typeof apiUrl !== 'string') {","    throw new Error('The second argument expect a type of string as the request url of wechat');","  }","","  if (typeof functionName !== 'string') {","    throw new Error('The first argument expect a type of string as the name of new function');","  }","","  if (API.prototype[functionName] || API.prototype['_' + functionName] ) {","    if (override !== true) {","      throw new Error('wechat-api already has a pro
[...]
d\": 123,"," *     \"group_name\": 'test'"," *   },"," *   \"errcode\": 0,"," *   \"errmsg\": \"success.\""," * }"," * ```"," *"," * @name addBeaconGroup"," * @param {Object} group 分组信息"," * @param {Function} callback 回调函数"," */","make(exports, 'addBeaconGroup', function (group, callback) {","  var url = this.endpoint + '/shakearound/device/group/add?access_token=' + this.token.accessToken;","  this.request(url, postJSON(group), wrapper(callback));","});","","/**"," * 编辑分组信息"," * 接口说明："," * 编辑设备分组信息，目前只能修改分组名。"," * group:"," * {"," *   group_id: 123,"," *   group_name: 'test update'"," * }"," * Examples:"," * ```"," * api.updateBeaconGroup(group, callback);"," * ```"," * Callback:"," *"," * - `err`, 调用失败时得到的异常"," * - `result`, 调用正常时得到的对象"," *"," * Result:"," * ```"," * {"," *   \"data\" : {"," *     \"group_id\": 123,"," *     \"group_name\": 'test update'"," *   },"," *   \"errcode\": 0,"," *   \"errmsg\": \"success.\""," * }"," * ```"," *"," * @name updateBeaconGroup"," * @param {Object} group 分组信息"," * @param {Function} callback 回调函数"," */","make(exports, 'updateBeaconGroup', function (group, callback) {","  var url = this.endpoint + '/shakearound/device/group/update?access_token=' + this.token.accessToken;","  this.request(url, postJSON(group), wrapper(callback));","});","","/**"," * 删除分组信息"," * 接口说明："," * 删除设备分组，若分组中还存在设备，则不能删除成功。需把设备移除以后，才能删除。"," * group:"," * {"," *   group_id: 123"," * }"," * Examples:"," * ```"," * api.deleteBeaconGroup(group_id, callback);"," * ```"," * Callback:"," *"," * - `err`, 调用失败时得到的异常"," * - `result`, 调用正常时得到的对象"," *"," * Result:"," * ```"," * {"," *   \"data\" : {"," *   },"," *   \"errcode\": 0,"," *   \"errmsg\": \"success.\""," * }"," * ```"," *"," * @name deleteBeaconGroup"," * @param {Object} group 分组信息"," * @param {Function} callback 回调函数"," */","make(exports, 'deleteBeaconGroup', function (group_id, callback) {","  var data = {","    group_id: group_id","  };","","  var url = this.endpoint + '/shakearound/device/group/delete?access_token=' + this.token.accessToken;","  this.request(url, postJSON(data), wrapper(callback));","});","","/**"," * 添加设备到分组"," * 接口说明："," * 添加设备到分组，每个分组能够持有的设备上限为10000，并且每次添加操作的添加上限为1000。只有在摇周边申请的设备才能添加到分组。"," * Options:"," * ```"," * {"," *  \"group_id\": 123,"," *  \"device_identifier\": ["," *    {"," *      // 设备编号，若填了UUID、major、minor，则可不填设备编号，若二者都填，则以设备编号为优先"," *      \"device_id\": 10011,"," *      \"uuid\": \"FDA50693-A4E2-4FB1-AFCF-C6EB07647825\","," *      \"major\": 1002,"," *      \"minor\": 1223"," *    }"," *  ]"," * }"," * ```"," * Examples:"," * ```"," * api.addGroupBeacons(options, callback);"," * ```"," * Callback:"," *"," * - `err`, 调用失败时得到的异常"," * - `result`, 调用正常时得到的对象"," *"," * Result:"," * ```"," * {"," *   \"data\" : {"," *   },"," *   \"errcode\": 0,"," *   \"errmsg\": \"success.\""," * }"," * ```"," *"," * @name addGroupBeacons"," * @param {Object} options 请求参数"," * @param {Function} callback 回调函数"," */","make(exports, 'addGroupBeacons', function (options, callback) {","  var url = this.endpoint + '/shakearound/device/group/adddevice?access_token=' + this.token.accessToken;","  this.request(url, postJSON(options), wrapper(callback));","});","","/**"," * 从分组中移除设备"," * 接口说明："," * 从分组中移除设备，每次删除操作的上限为1000。"," * Options:"," * ```"," * {"," *  \"group_id\": 123,"," *  \"device_identifier\": ["," *    {"," *      // 设备编号，若填了UUID、major、minor，则可不填设备编号，若二者都填，则以设备编号为优先"," *      \"device_id\": 10011,"," *      \"uuid\": \"FDA50693-A4E2-4FB1-AFCF-C6EB07647825\","," *      \"major\": 1002,"," *      \"minor\": 1223"," *    }"," *  ]"," * }"," * ```"," * Examples:"," * ```"," * api.deleteGroupBeacons(options, callback);"," * ```"," * Callback:"," *"," * - `err`, 调用失败时得到的异常"," * - `result`, 调用正常时得到的对象"," *"," * Result:"," * ```"," * {"," *   \"data\" : {"," *   },"," *   \"errcode\": 0,"," *   \"errmsg\": \"success.\""," * }"," * ```"," *"," * @name deleteGroupBeacons"," * @param {Object} options 请求参数"," * @param {Function} callback 回调函数"," */","make(exports, 'deleteGroupBeacons', function (options, callback) {","  var url = this.endpoint + '/shakearound/device/group/deletedevice?access_token=' + this.token.accessToken;","  this.request(url, postJSON(options), wrapper(callback));","});","","/**"," * 创建红包活动"," * 接口说明:"," * 创建红包活动，设置红包活动有效期，红包活动开关等基本信息，返回活动id。"," * 详情请参见：http://mp.weixin.qq.com/wiki/12/9738788d171724b080b52f6e41490cb4.html"," * Options:"," * ```"," * {"," *   \"use_template\": 1,"," *   \"logo_url\": \"https://lodejs.org/images/qr.jpg\""," * }"," * ```"," * Body:"," * ```"," * {"," *   \"title\": \"抽奖活动名称\","," *   \"desc\": \"抽奖活动描述\","," *   \"onoff\": 1,"," *   \"begin_time\": 1428854400,"," *   \"expire_time\": 1428940800,"," *   \"sponsor_appid\": \"wx476f028272e53c62\","," *   \"total\": 10,"," *   \"jump_url\": \"https://lodejs.org\","," *   \"key\": \"u5pPq38tQP97yGn8iZxbBsfWvbn37poP\""," * }"," * ```"," * Examples:"," * ```"," * api.addLotteryInfo(options, body, callback);"," * ```"," * Callback:"," *"," * - `err`, 调用失败时得到的异常"," * - `result`, 调用正常时得到的对象"," *"," * Result:"," * ```"," * {"," *   \"errcode\": 0,"," *   \"errmsg\": \"\","," *   \"lottery_id\": \"5794560\","," *   \"page_id\": 1,"," * }"," * ```"," *"," * @name addLotteryInfo"," * @param {Object} options 请求参数"," * @param {Object} body JSON格式的结构体"," * @param {Function} callback 回调函数"," */","make(exports, 'addLotteryInfo', function (options, body, callback) {","  var url = this.endpoint + '/shakearound/lottery/addlotteryinfo?&use_template=' + options.use_template + '&logo_url=' + options.logo_url + '&access_token=' + this.token.accessToken;","  this.request(url, postJSON(body), wrapper(callback));","});","","/**"," * 录入红包信息"," * 接口说明:"," * 在调用\"创建红包活动\"接口之后，调用此接口录入红包信息。"," * 详情请参见：http://mp.weixin.qq.com/wiki/12/9738788d171724b080b52f6e41490cb4.html"," * Options:"," * ```"," * {"," *   \"lottery_id\": \"5794560\","," *   \"mchid\": \"1234567890\","," *   \"sponsor_appid\": \"wx476f028272e53c62\""," *   \"prize_info_list\": [{"," *     \"ticket\": \"v1|ZiPs2l0hpMBp3uwGI1rwp45vOdz/V/zQ/00jP9MeWT+e47/q1FJjwCIP34frSjzOxAEzJ7k2CtAg1pmcShvkChBWqbThxPm6MBuzceoHtj79iHuHaEn0WAO+j4sXnXnbGswFOlDYWg1ngvrRYnCY3g==\","," *   }]"," * }"," * ```"," * Examples:"," * ```"," * api.setPrizeBucket(options, callback);"," * ```"," * Callback:"," *"," * - `err`, 调用失败时得到的异常"," * - `result`, 调用正常时得到的对象"," *"," * Result:"," * ```"," * {"," *   \"errcode\": 0,"," *   \"errmsg\": \"\","," *   \"success_num\": 1,"," *   \"repeat_ticket_list\": [{"," *     \"ticket\": \"v1|ZiPs2l0hpMBp3uwGI1rwp45vOdz/V/zQ/00jP9MeWT+e47/q1FJjwCIP34frSjzOxAEzJ7k2CtAg1pmcShvkChBWqbThxPm6MBuzceoHtj79iHuHaEn0WAO+j4sXnXnbGswFOlDYWg1ngvrRYnCY3g==\","," *   }]"," * }"," * ```"," *"," * @name setPrizeBucket"," * @param {Object} options 请求参数"," * @param {Function} callback 回调函数"," */","make(exports, 'setPrizeBucket', function (options, callback) {","  var url = this.endpoint + '/shakearound/lottery/setprizebucket?access_token=' + this.token.accessToken;","  this.request(url, postJSON(options), wrapper(callback));","});","","/**"," * 设置红包活动抽奖开关"," * 接口说明:"," * 开发者实时控制红包活动抽奖的开启和关闭。"," * 详情请参见：http://mp.weixin.qq.com/wiki/12/9738788d171724b080b52f6e41490cb4.html"," * Examples:"," * ```"," * api.setLotterySwitch(lotteryId, onoff, callback);"," * ```"," * Callback:"," *"," * - `err`, 调用失败时得到的异常"," * - `result`, 调用正常时得到的对象"," *"," * Result:"," * ```"," * {"," *   \"errcode\": 0,"," *   \"errmsg\": \"\""," * }"," * ```"," *"," * @name setLotterySwitch"," * @param {String} lotteryId 红包抽奖id"," * @param {Number} onoff 活动抽奖开关，0：关闭，1：开启"," * @param {Function} callback 回调函数"," */","make(exports, 'setLotterySwitch', function (lotteryId, onoff, callback) {","  var url = this.endpoint + '/shakearound/lottery/setlotteryswitch?lottery_id=' + lotteryId + '&onoff=' + onoff + '&access_token=' + this.token.accessToken;","  this.request(url, wrapper(callback));","});","","/**"," * 获取红包JSAPI参数"," * 接口说明:"," * 用于在第三方页面中，通过调用JSAPI来触发用户抽红包的操作。"," * 详情请参见：http://mp.weixin.qq.com/wiki/12/9738788d171724b080b52f6e41490cb4.html"," * Examples:"," * ```"," * api.getShakehbConfig(openid, lotteryId, key);"," * ```"," * Return:"," * ```"," * {"," *   \"openid\": \"o-hVKuNknQQBZFDlbE8eibQzIX3o\","," *   \"lottery_id\": \"5794560\""," *   \"noncestr\": \"5K8264ILTKCH16CQ2502SI8ZNMTM67VS\""," *   \"sign\": \"D6F2078841D003C09BF5263EDA3CD5F9\""," * }"," * ```"," *"," * @name getShakehbConfig"," * @param {String} openid 用户openid"," * @param {String} lotteryId 红包抽奖id"," * @param {String} key “创建红包活动”接口设置的key"," */","exports.getShakehbConfig = function (openid, lotteryId, key) {","  var params = {","    openid: openid,","    lottery_id: lotteryId,","    noncestr: Math.random().toString(36).substr(2, 15)","  };","","  var query = Object.keys(params).sort().map(function(key) {","    return key + '=' + params[key];","  }).join('&');","","  query += '&key=' + key;","  params.sign = crypto.createHash('md5').update(query).digest('hex').toUpperCase();","","  return params;","};",""],"l":{"3":1,"4":1,"5":1,"6":1,"7":1,"8":1,"9":1,"10":1,"57":1,"58":0,"59":0,"93":1,"94":0,"95":0,"138":1,"139":0,"140":0,"180":1,"181":0,"184":0,"185":0,"229":1,"230":0,"231":0,"274":1,"275":0,"276":0,"360":1,"361":0,"362":0,"407":1,"408":0,"409":0,"453":1,"454":0,"455":0,"493":1,"494":0,"495":0,"496":0,"561":1,"562":0,"563":0,"597":1,"598":0,"599":0,"600":0,"601":0,"603":0,"604":0,"605":0,"606":0,"613":0,"659":1,"660":0,"661":0,"731":1,"732":0,"733":0,"770":1,"771":0,"775":0,"776":0,"834":1,"835":0,"836":0,"903":1,"904":0,"905":0,"958":1,"959":0,"960":0,"1021":1,"1022":0,"1023":0,"1069":1,"1070":0,"1071":0,"1128":1,"1129":0,"1130":0,"1166":1,"1167":0,"1168":0,"1205":1,"1206":0,"1207":0,"1241":1,"1242":0,"1246":0,"1247":0,"1292":1,"1293":0,"1294":0,"1339":1,"1340":0,"1341":0,"1394":1,"1395":0,"1396":0,"1440":1,"1441":0,"1442":0,"1472":1,"1473":0,"1474":0,"1501":1,"1502":0,"1508":0,"1509":0,"1512":0,"1513":0,"1515":0}},"/home/travis/build/npmtest/node-npmtest-wechat-api/node_modules/wechat-api/lib/api_poi.js":{"path":"/home/travis/build/npmtest/node-npmtest-wechat-api/node_modules/wechat-api/lib/api_poi.js","s":{"1":1,"2":1,"3":1,"4":1,"5":1,"6":0,"7":0,"8":0,"9":1,"10":0,"11":0,"12":0,"13":1,"14":0,"15":0,"16":0,"17":1,"18":0,"19":0,"20":0,"21":1,"22":0,"23":0,"24":0,"25":1,"26":0,"27":0},"b":{},"f":{"1":0,"2":0,"3":0,"4":0,"5":0,"6":0},"fnMap":{"1":{"name":"(anonymous_1)","line":62,"loc":{"start":{"line":62,"column":24},"end":{"line":62,"column":49}}},"2":{"name":"(anonymous_2)","line":117,"loc":{"start":{"line":117,"column":24},"end":{"line":117,"column":51}}},"3":{"name":"(anonymous_3)","line":167,"loc":{"start":{"line":167,"column":25},"end":{"line":167,"column":59}}},"4":{"name":"(anonymous_4)","line":196,"loc":{"start":{"line":196,"column":24},"end":{"line":196,"column":51}}},"5":{"name":"(anonymous_5)","line":248,"loc":{"start":{"line":248,"column":27},"end":{"line":248,"column":52}}},"6":{"name":"(anonymous_6)","line":277,"loc":{"start":{"line":277,"column":31},"end":{"line":277,"column":51}}}},"statementMap":{"1":{"start":{"line":4,"column":0},"end":{"line":4,"column":29}},"2":{"start":{"line":5,"column":0},"end":{"line":5,"column":27}},"3":{"start":{"line":6,"column":0},"end":{"line":6,"column":29}},"4":{"start":{"line":7,"column":0},"end":{"line":7,"column":21}},"5":{"start":{"line":62,"column":0},"end":{"line":70,"column":3}},"6":{"start":{"line":63,"column":2},"end":{"line":67,"column":4}},"7":{"start":{"line":68,"column":2},"end":{"line":68,"column":89}},"8":{"start":{"line":69,"column":2},"end":{"line":69,"column":55}},"9":{"start":{"line":117,"column":0},"end":{"line":123,"column":3}},"10":{"start":{"line":118,"column":2},"end":{"line":118,"column":89}},"11":{"start":{"line":119,"column":2},"end":{"line":121,"column":4}},"12":{"start":{"line":122,"column":2},"end":{"line":122,"column":55}},"13":{"start":{"line":167,"column":0},"end":{"line":174,"column":3}},"14":{"start":{"line":168,"column":2},"end":{"line":168,"column":93}},"15":{"start":{"line":169,"column":2},"end":{"line":172,"column":4}},"16":{"start":{"line":173,"column":2},"end":{"line":173,"column":55}},"17":{"start":{"line":196,"column":0},"end":{"line":202,"column":3}},"18":{"start":{"line":197,"column":2},"end":{"line":197,"column":89}},"19":{"start":{"line":198,"column":2},"end":{"line":200,"column":4}},"20":{"start":{"line":201,"column":2},"end":{"line":201,"column":55}},"21":{"start":{"line":248,"column":0},"end":{"line":256,"column":3}},"22":{"start":{"line":249,"column":2},"end":{"line":253,"column":4}},"23":{"start":{"line":254,"column":2},"end":{"line":254,"column":92}},"24":{"start":{"line":255,"column":2},"end":{"line":255,"column":55}},"25":{"start":{"line":277,"column":0},"end":{"line":280,"column":3}},"26":{"start":{"line":278,"column":2},"end":{"line":278,"column":96}},"27":{"start":{"line":279,"column":2},"end":{"line":279,"column":59}}},"branchMap":{},"code":["'use strict';","","// 微信门店接口文档请参考：http://mp.weixin.qq.com/wiki/16/8f182af4d8dcea02c56506306bdb2f4c.html","var util = require('./util');","var wrapper = util.wrapper;","var postJSON = util.postJSON;","var make = util.make;","","/**"," * 创建门店"," *"," * Tips:"," * - 创建门店接口调用成功后不会实时返回poi_id。"," * - 成功创建后，门店信息会经过审核，审核通过后方可使用并获取poi_id。"," * - 图片photo_url必须为上传图片接口(api.uploadLogo，参见卡券接口)生成的url。"," * - 门店类目categories请参考微信公众号后台的门店管理部分。"," *"," * Poi:"," * ```"," * {"," *   \"sid\": \"5794560\","," *   \"business_name\": \"肯打鸡\","," *   \"branch_name\": \"东方路店\","," *   \"province\": \"上海市\","," *   \"city\": \"上海市\","," *   \"district\": \"浦东新区\","," *   \"address\": \"东方路88号\","," *   \"telephone\": \"021-5794560\","," *   \"categories\": [\"美食,快餐小吃\"],"," *   \"offset_type\": 1,"," *   \"longitude\": 125.5794560,"," *   \"latitude\": 45.5794560,"," *   \"photo_list\": [{"," *     \"photo_url\": \"https://5794560.qq.com/1\""," *   }, {"," *     \"photo_url\": \"https://5794560.qq.com/2\""," *   }],"," *   \"recommend\": \"脉娜鸡腿堡套餐,脉乐鸡,全家捅\","," *   \"special\": \"免费WIFE,外卖服务\","," *   \"introduction\": \"肯打鸡是全球大型跨国连锁餐厅,2015年创立于米国,在世界上大约拥有3 亿间分店,主要售卖肯打鸡等垃圾食品\","," *   \"open_time\": \"10:00-18:00\","," *   \"avg_price\": 88"," * }"," * ```"," * Examples:"," * ```"," * api.addPoi(poi, callback);"," * ```"," * Callback:"," *"," * - `err`, 调用失败时得到的异常"," * - `result`, 调用正常时得到的对象"," *"," * Result:"," * ```"," * {\"errcode\":0,\"errmsg\":\"ok\"}"," * ```"," * @name addPoi"," * @param {Object} poi 门店对象"," * @param {Function} callback 回调函数"," */","make(exports, 'addPoi', function (poi, callback) {","  var data = {","    business: {","      base_info: poi","    }","  };","  var url = this.endpoint + '/cgi-bin/poi/addpoi?access_token=' + this.token.accessToken;","  this.request(url, postJSON(data), wrapper(callback));","});","","/**"," * 获取门店信息"," *"," * Examples:"," * ```"," * api.getPoi(POI_ID, callback);"," * ```"," * Callback:"," *"," * - `err`, 调用失败时得到的异常"," * - `result`, 调用正常时得到的对象"," *"," * Result:"," * ```"," * {"," *   \"sid\": \"5794560\","," *   \"business_name\": \"肯打鸡\","," *   \"branch_name\": \"东方路店\","," *   \"province\": \"上海市\","," *   \"city\": \"上海市\","," *   \"district\": \"浦东新区\","," *   \"address\": \"东方路88号\","," *   \"telephone\": \"021-5794560\","," *   \"categories\": [\"美食,快餐小吃\"],"," *   \"offset_type\": 1,"," *   \"longitude\": 125.5794560,"," *   \"latitude\": 45.5794560,"," *   \"photo_list\": [{"," *     \"photo_url\": \"https://5794560.qq.com/1\""," *   }, {"," *     \"photo_url\": \"https://5794560.qq.com/2\""," *   }],"," *   \"recommend\": \"脉娜鸡腿堡套餐,脉乐鸡,全家捅\","," *   \"special\": \"免费WIFE,外卖服务\","," *   \"introduction\": \"肯打鸡是全球大型跨国连锁餐厅,2015年创立于米国,在世界上大约拥有3 亿间分店,主要售卖肯打鸡等垃圾食品\","," *   \"open_time\": \"10:00-18:00\","," *   \"avg_price\": 88,"," *   \"available_state\": 3,"," *   \"update_status\": 0"," * }"," * ```"," * @name getPoi"," * @param {Number} poiId 门店ID"," * @param {Function} callback 回调函数"," */","make(exports, 'getPoi', function (poiId, callback) {","  var url = this.endpoint + '/cgi-bin/poi/getpoi?access_token=' + this.token.accessToken;","  var data = {","    poi_id: poiId","  };","  this.request(url, postJSON(data), wrapper(callback));","});","","/**"," * 获取门店列表"," * Examples:"," * ```"," * api.getPois(0, 20, callback);"," * ```"," * Callback:"," *"," * - `err`, 调用失败时得到的异常"," * - `result`, 调用正常时得到的对象"," *"," * Result:"," * ```"," * {"," *   \"errcode\": 0,"," *   \"errmsg\": \"ok\""," *   \"business_list\": [{"," *     \"base_info\": {"," *       \"sid\": \"100\","," *       \"poi_id\": \"5794560\","," *       \"business_name\": \"肯打鸡\","," *       \"branch_name\": \"东方路店\","," *       \"address\": \"东方路88号\","," *       \"available_state\": 3"," *     }"," *   }, {"," *     \"base_info\": {"," *       \"sid\": \"101\","," *       \"business_name\": \"肯打鸡\","," *       \"branch_name\": \"西方路店\","," *       \"address\": \"西方路88号\","," *       \"available_state\": 4"," *     }"," *   }],"," *   \"total_count\": \"2\","," * }"," * ```"," * @name getPois"," * @param {Number} begin 开始位置，0即为从第一条开始查询"," * @param {Number} limit 返回数据条数，最大允许50，默认为20"," * @param {Function} callback 回调函数"," */","make(exports, 'getPois', function (begin, limit, callback) {","  var url = this.endpoint + '/cgi-bin/poi/getpoilist?access_token=' + this.token.accessToken;","  var data = {","    begin: begin,","    limit: limit","  };","  this.request(url, postJSON(data), wrapper(callback));","});","","/**"," * 删除门店"," *"," * Tips:"," *"," * - 待审核门店不允许删除"," *"," * Examples:"," * ```"," * api.delPoi(POI_ID, callback);"," * ```"," * Callback:"," *"," * - `err`, 调用失败时得到的异常"," * - `result`, 调用正常时得到的对象"," *"," * @name delPoi"," * @param {Number} poiId 门店ID"," * @param {Function} callback 回调函数"," */","make(exports, 'delPoi', function (poiId, callback) {","  var url = this.endpoint + '/cgi-bin/poi/delpoi?access_token=' + this.token.accessToken;","  var data = {","    poi_id: poiId","  };","  this.request(url, postJSON(data), wrapper(callback));","});","","/**"," * 修改门店服务信息"," *"," * Tips:"," *"," * - 待审核门店不允许修改"," *"," * Poi:"," * ```"," * {"," *   \"poi_id\": \"5794560\","," *   \"telephone\": \"021-5794560\","," *   \"photo_list\": [{"," *     \"photo_url\": \"https://5794560.qq.com/1\""," *   }, {"," *     \"photo_url\": \"https://5794560.qq.com/2\""," *   }],"," *   \"recommend\": \"脉娜鸡腿堡套餐,脉乐鸡,全家捅\","," *   \"special\": \"免费WIFE,外卖服务\","," *   \"introduction\": \"肯打鸡是全球大型跨国连锁餐厅,2015年创立于米国,在世界上大约拥有3 亿间分店,主要售卖肯打鸡等垃圾食品\","," *   \"open_time\": \"10:00-18:00\","," *   \"avg_price\": 88"," * }"," * ```"," * 特别注意，以上7个字段，若有填写内容则为覆盖更新，若无内容则视为不修改，维持原有内容。"," * photo_list字段为全列表覆盖，若需要增加图片，需将之前图片同样放入list中，在其后增加新增图片。"," *"," * Examples:"," * ```"," * api.updatePoi(poi, callback);"," * ```"," * Callback:"," *"," * - `err`, 调用失败时得到的异常"," * - `result`, 调用正常时得到的对象"," *"," * Result:"," * ```"," * {\"errcode\":0,\"errmsg\":\"ok\"}"," * ```"," * @name updatePoi"," * @param {Object} poi 门店对象"," * @param {Function} callback 回调函数"," */","make(exports, 'updatePoi', function (poi, callback) {","  var data = {","    business: {","      base_info: poi","    }","  };","  var url = this.endpoint + '/cgi-bin/poi/updatepoi?access_token=' + this.token.accessToken;","  this.request(url, postJSON(data), wrapper(callback));","});","","/**"," * 门店类目表"," *"," * Tips:"," *"," * - 类目名称接口是为商户提供自己门店类型信息的接口。门店类目定位的越规范，能够精准的吸引更多用户，提高曝光率。"," *"," * Examples:"," * ```"," * api.getWXCategory(callback);"," * ```"," * Callback:"," *"," * - `err`, 调用失败时得到的异常"," * - `result`, 调用正常时得到的对象"," *"," * @name getWXCategory"," * @param {Function} callback 回调函数"," */","make(exports, 'getWXCategory', function (callback) {","  var url = this.endpoint + '/cgi-bin/poi/getwxcategory?access_token=' + this.token.accessToken;","  this.request(url, {dataType: 'json'}, wrapper(callback));","});","",""],"l":{"4":1,"5":1,"6":1,"7":1,"62":1,"63":0,"68":0,"69":0,"117":1,"118":0,"119":0,"122":0,"167":1,"168":0,"169":0,"173":0,"196":1,"197":0,"198":0,"201":0,"248":1,"249":0,"254":0,"255":0,"277":1,"278":0,"279":0}}}